  [1m[36mSQL (2.9ms)[0m  [1m SELECT name
 FROM sqlite_master
 WHERE type = 'table' AND NOT name = 'sqlite_sequence'
[0m
  [1m[35mSQL (0.2ms)[0m  select sqlite_version(*)
  [1m[36mSQL (2.3ms)[0m  [1mCREATE TABLE "schema_migrations" ("version" varchar(255) NOT NULL) [0m
  [1m[35mSQL (0.1ms)[0m  PRAGMA index_list("schema_migrations")
  [1m[36mSQL (2.2ms)[0m  [1mCREATE UNIQUE INDEX "unique_schema_migrations" ON "schema_migrations" ("version")[0m
  [1m[35mSQL (0.3ms)[0m   SELECT name
 FROM sqlite_master
 WHERE type = 'table' AND NOT name = 'sqlite_sequence'
  [1m[36mSQL (0.1ms)[0m  [1m SELECT name
 FROM sqlite_master
 WHERE type = 'table' AND NOT name = 'sqlite_sequence'
[0m
  [1m[35mSQL (0.1ms)[0m  SELECT "schema_migrations"."version" FROM "schema_migrations"
Migrating to DeviseCreateUsers (20110330194419)
  [1m[36mSQL (0.7ms)[0m  [1mCREATE TABLE "users" ("id" INTEGER PRIMARY KEY AUTOINCREMENT NOT NULL, "email" varchar(255) DEFAULT '' NOT NULL, "encrypted_password" varchar(128) DEFAULT '' NOT NULL, "reset_password_token" varchar(255), "remember_created_at" datetime, "sign_in_count" integer DEFAULT 0, "current_sign_in_at" datetime, "last_sign_in_at" datetime, "current_sign_in_ip" varchar(255), "last_sign_in_ip" varchar(255), "created_at" datetime, "updated_at" datetime) [0m
  [1m[35mSQL (0.1ms)[0m  PRAGMA index_list("users")
  [1m[36mSQL (0.5ms)[0m  [1mCREATE UNIQUE INDEX "index_users_on_email" ON "users" ("email")[0m
  [1m[35mSQL (0.1ms)[0m  PRAGMA index_list("users")
  [1m[36mSQL (0.1ms)[0m  [1mPRAGMA index_info('index_users_on_email')[0m
  [1m[35mSQL (0.2ms)[0m  CREATE UNIQUE INDEX "index_users_on_reset_password_token" ON "users" ("reset_password_token")
  [1m[36mSQL (0.1ms)[0m  [1mINSERT INTO "schema_migrations" ("version") VALUES ('20110330194419')[0m
  [1m[35mSQL (0.3ms)[0m   SELECT name
 FROM sqlite_master
 WHERE type = 'table' AND NOT name = 'sqlite_sequence'
  [1m[36mSQL (0.1ms)[0m  [1mSELECT "schema_migrations"."version" FROM "schema_migrations"[0m
  [1m[35mSQL (0.1ms)[0m   SELECT name
 FROM sqlite_master
 WHERE type = 'table' AND NOT name = 'sqlite_sequence'
  [1m[36mSQL (0.1ms)[0m  [1mPRAGMA index_list("users")[0m
  [1m[35mSQL (0.1ms)[0m  PRAGMA index_info('index_users_on_reset_password_token')
  [1m[36mSQL (0.1ms)[0m  [1mPRAGMA index_info('index_users_on_email')[0m


Started GET "/" for 127.0.0.1 at 2011-03-30 16:30:25 -0400

ActionController::RoutingError (uninitialized constant HomeController):
  

Rendered /Users/rainyglade/.rvm/gems/ruby-1.9.2-p180@rails3/gems/actionpack-3.0.5/lib/action_dispatch/middleware/templates/rescues/routing_error.erb within rescues/layout (1.3ms)


Started GET "/" for 127.0.0.1 at 2011-03-30 16:31:23 -0400

ArgumentError (controller name should not start with a slash):
  config/routes.rb:10:in `block in <top (required)>'
  config/routes.rb:1:in `<top (required)>'

Rendered /Users/rainyglade/.rvm/gems/ruby-1.9.2-p180@rails3/gems/actionpack-3.0.5/lib/action_dispatch/middleware/templates/rescues/_trace.erb (1.4ms)
Rendered /Users/rainyglade/.rvm/gems/ruby-1.9.2-p180@rails3/gems/actionpack-3.0.5/lib/action_dispatch/middleware/templates/rescues/_request_and_response.erb (18.3ms)
Rendered /Users/rainyglade/.rvm/gems/ruby-1.9.2-p180@rails3/gems/actionpack-3.0.5/lib/action_dispatch/middleware/templates/rescues/diagnostics.erb within rescues/layout (26.3ms)


Started GET "/" for 127.0.0.1 at 2011-03-30 16:37:12 -0400

ActionController::RoutingError (uninitialized constant HomeController):
  

Rendered /Users/rainyglade/.rvm/gems/ruby-1.9.2-p180@rails3/gems/actionpack-3.0.5/lib/action_dispatch/middleware/templates/rescues/routing_error.erb within rescues/layout (1.2ms)


Started GET "/" for 127.0.0.1 at 2011-03-30 16:40:09 -0400
  Processing by HomeController#index as HTML
  [1m[36mHome Load (0.9ms)[0m  [1mSELECT "homes".* FROM "homes"[0m
SQLite3::SQLException: no such table: homes: SELECT "homes".* FROM "homes"
Completed   in 10ms

ActiveRecord::StatementInvalid (SQLite3::SQLException: no such table: homes: SELECT "homes".* FROM "homes"):
  app/controllers/home_controller.rb:5:in `index'

Rendered /Users/rainyglade/.rvm/gems/ruby-1.9.2-p180@rails3/gems/actionpack-3.0.5/lib/action_dispatch/middleware/templates/rescues/_trace.erb (1.5ms)
Rendered /Users/rainyglade/.rvm/gems/ruby-1.9.2-p180@rails3/gems/actionpack-3.0.5/lib/action_dispatch/middleware/templates/rescues/_request_and_response.erb (148.8ms)
Rendered /Users/rainyglade/.rvm/gems/ruby-1.9.2-p180@rails3/gems/actionpack-3.0.5/lib/action_dispatch/middleware/templates/rescues/diagnostics.erb within rescues/layout (215.2ms)


Started GET "/" for 127.0.0.1 at 2011-03-30 18:20:45 -0400
  Processing by HomeController#index as HTML
Redirected to http://localhost:3000/
Completed 302 Found in 1ms


Started GET "/" for 127.0.0.1 at 2011-03-30 18:20:45 -0400
  Processing by HomeController#index as HTML
Redirected to http://localhost:3000/
Completed 302 Found in 1ms


Started GET "/" for 127.0.0.1 at 2011-03-30 18:20:45 -0400
  Processing by HomeController#index as HTML
Redirected to http://localhost:3000/
Completed 302 Found in 1ms


Started GET "/" for 127.0.0.1 at 2011-03-30 18:20:45 -0400
  Processing by HomeController#index as HTML
Redirected to http://localhost:3000/
Completed 302 Found in 1ms


Started GET "/" for 127.0.0.1 at 2011-03-30 18:20:45 -0400
  Processing by HomeController#index as HTML
Redirected to http://localhost:3000/
Completed 302 Found in 1ms


Started GET "/" for 127.0.0.1 at 2011-03-30 18:20:45 -0400
  Processing by HomeController#index as HTML
Redirected to http://localhost:3000/
Completed 302 Found in 1ms


Started GET "/" for 127.0.0.1 at 2011-03-30 18:20:45 -0400
  Processing by HomeController#index as HTML
Redirected to http://localhost:3000/
Completed 302 Found in 1ms


Started GET "/" for 127.0.0.1 at 2011-03-30 18:20:45 -0400
  Processing by HomeController#index as HTML
Redirected to http://localhost:3000/
Completed 302 Found in 1ms


Started GET "/" for 127.0.0.1 at 2011-03-30 18:20:45 -0400
  Processing by HomeController#index as HTML
Redirected to http://localhost:3000/
Completed 302 Found in 1ms


Started GET "/" for 127.0.0.1 at 2011-03-30 18:20:45 -0400
  Processing by HomeController#index as HTML
Redirected to http://localhost:3000/
Completed 302 Found in 1ms


Started GET "/" for 127.0.0.1 at 2011-03-30 18:20:45 -0400
  Processing by HomeController#index as HTML
Redirected to http://localhost:3000/
Completed 302 Found in 1ms


Started GET "/" for 127.0.0.1 at 2011-03-30 18:20:45 -0400
  Processing by HomeController#index as HTML
Redirected to http://localhost:3000/
Completed 302 Found in 1ms


Started GET "/" for 127.0.0.1 at 2011-03-30 18:20:45 -0400
  Processing by HomeController#index as HTML
Redirected to http://localhost:3000/
Completed 302 Found in 1ms


Started GET "/" for 127.0.0.1 at 2011-03-30 18:20:45 -0400
  Processing by HomeController#index as HTML
Redirected to http://localhost:3000/
Completed 302 Found in 1ms


Started GET "/" for 127.0.0.1 at 2011-03-30 18:20:46 -0400
  Processing by HomeController#index as HTML
Redirected to http://localhost:3000/
Completed 302 Found in 1ms


Started GET "/" for 127.0.0.1 at 2011-03-30 18:20:46 -0400
  Processing by HomeController#index as HTML
Redirected to http://localhost:3000/
Completed 302 Found in 1ms


Started GET "/" for 127.0.0.1 at 2011-03-30 18:20:46 -0400
  Processing by HomeController#index as HTML
Redirected to http://localhost:3000/
Completed 302 Found in 1ms


Started GET "/" for 127.0.0.1 at 2011-03-30 18:20:46 -0400
  Processing by HomeController#index as HTML
Redirected to http://localhost:3000/
Completed 302 Found in 1ms


Started GET "/" for 127.0.0.1 at 2011-03-30 18:20:46 -0400
  Processing by HomeController#index as HTML
Redirected to http://localhost:3000/
Completed 302 Found in 1ms


Started GET "/" for 127.0.0.1 at 2011-03-30 18:20:46 -0400
  Processing by HomeController#index as HTML
Redirected to http://localhost:3000/
Completed 302 Found in 1ms


Started GET "/" for 127.0.0.1 at 2011-03-30 18:20:46 -0400
  Processing by HomeController#index as HTML
Redirected to http://localhost:3000/
Completed 302 Found in 1ms


Started GET "/login" for 127.0.0.1 at 2011-03-30 18:20:57 -0400
  Processing by Devise::SessionsController#new as HTML
Rendered devise/sessions/new.html.haml within layouts/application (237.6ms)
Completed 200 OK in 316ms (Views: 267.4ms | ActiveRecord: 0.0ms)


Started GET "/images/log_in.png" for 127.0.0.1 at 2011-03-30 18:20:58 -0400

ActionController::RoutingError (No route matches "/images/log_in.png"):
  

Rendered /Users/rainyglade/.rvm/gems/ruby-1.9.2-head@kunz/gems/actionpack-3.0.5/lib/action_dispatch/middleware/templates/rescues/routing_error.erb within rescues/layout (1.2ms)


Started GET "/" for 127.0.0.1 at 2011-03-30 18:25:55 -0400
  Processing by HomeController#index as HTML
Redirected to http://localhost:3000/login
Completed 302 Found in 1ms


Started GET "/login" for 127.0.0.1 at 2011-03-30 18:25:55 -0400
  Processing by Devise::SessionsController#new as HTML
Rendered devise/sessions/new.html.haml within layouts/application (183.6ms)
Completed 200 OK in 219ms (Views: 191.2ms | ActiveRecord: 0.0ms)


Started GET "/images/log_in.png" for 127.0.0.1 at 2011-03-30 18:25:56 -0400

ActionController::RoutingError (No route matches "/images/log_in.png"):
  

Rendered /Users/rainyglade/.rvm/gems/ruby-1.9.2-head@kunz/gems/actionpack-3.0.5/lib/action_dispatch/middleware/templates/rescues/routing_error.erb within rescues/layout (1.1ms)
  [1m[36mUser Load (0.9ms)[0m  [1mSELECT "users".* FROM "users"[0m
  [1m[35mUser Load (0.3ms)[0m  SELECT "users".* FROM "users" LIMIT 1
  [1m[36mSQL (0.3ms)[0m  [1m SELECT name
 FROM sqlite_master
 WHERE type = 'table' AND NOT name = 'sqlite_sequence'
[0m
  [1m[35mUser Load (0.3ms)[0m  SELECT "users".* FROM "users" WHERE "users"."id" = 1 LIMIT 1
  [1m[36mSQL (12.1ms)[0m  [1m SELECT name
 FROM sqlite_master
 WHERE type = 'table' AND NOT name = 'sqlite_sequence'
[0m
  [1m[35mSQL (0.1ms)[0m  select sqlite_version(*)
  [1m[36mSQL (4.8ms)[0m  [1mCREATE TABLE "schema_migrations" ("version" varchar(255) NOT NULL) [0m
  [1m[35mSQL (0.0ms)[0m  PRAGMA index_list("schema_migrations")
  [1m[36mSQL (1.0ms)[0m  [1mCREATE UNIQUE INDEX "unique_schema_migrations" ON "schema_migrations" ("version")[0m
  [1m[35mSQL (0.1ms)[0m   SELECT name
 FROM sqlite_master
 WHERE type = 'table' AND NOT name = 'sqlite_sequence'
  [1m[36mSQL (0.1ms)[0m  [1m SELECT name
 FROM sqlite_master
 WHERE type = 'table' AND NOT name = 'sqlite_sequence'
[0m
  [1m[35mSQL (0.1ms)[0m  SELECT "schema_migrations"."version" FROM "schema_migrations"
Migrating to DeviseCreateUsers (20110330194419)
  [1m[36mSQL (0.7ms)[0m  [1mCREATE TABLE "users" ("id" INTEGER PRIMARY KEY AUTOINCREMENT NOT NULL, "email" varchar(255) DEFAULT '' NOT NULL, "encrypted_password" varchar(128) DEFAULT '' NOT NULL, "reset_password_token" varchar(255), "remember_created_at" datetime, "sign_in_count" integer DEFAULT 0, "current_sign_in_at" datetime, "last_sign_in_at" datetime, "current_sign_in_ip" varchar(255), "last_sign_in_ip" varchar(255), "created_at" datetime, "updated_at" datetime) [0m
  [1m[35mSQL (0.1ms)[0m  PRAGMA index_list("users")
  [1m[36mSQL (89.0ms)[0m  [1mCREATE UNIQUE INDEX "index_users_on_email" ON "users" ("email")[0m
  [1m[35mSQL (0.1ms)[0m  PRAGMA index_list("users")
  [1m[36mSQL (0.1ms)[0m  [1mPRAGMA index_info('index_users_on_email')[0m
  [1m[35mSQL (0.2ms)[0m  CREATE UNIQUE INDEX "index_users_on_reset_password_token" ON "users" ("reset_password_token")
  [1m[36mSQL (0.1ms)[0m  [1mINSERT INTO "schema_migrations" ("version") VALUES ('20110330194419')[0m
  [1m[35mSQL (0.3ms)[0m   SELECT name
 FROM sqlite_master
 WHERE type = 'table' AND NOT name = 'sqlite_sequence'
  [1m[36mSQL (0.1ms)[0m  [1mSELECT "schema_migrations"."version" FROM "schema_migrations"[0m
  [1m[35mSQL (0.1ms)[0m   SELECT name
 FROM sqlite_master
 WHERE type = 'table' AND NOT name = 'sqlite_sequence'
  [1m[36mSQL (0.1ms)[0m  [1mPRAGMA index_list("users")[0m
  [1m[35mSQL (0.1ms)[0m  PRAGMA index_info('index_users_on_reset_password_token')
  [1m[36mSQL (0.1ms)[0m  [1mPRAGMA index_info('index_users_on_email')[0m
  [1m[36mSQL (0.8ms)[0m  [1m SELECT name
 FROM sqlite_master
 WHERE type = 'table' AND NOT name = 'sqlite_sequence'
[0m
  [1m[35mSQL (0.1ms)[0m   SELECT name
 FROM sqlite_master
 WHERE type = 'table' AND NOT name = 'sqlite_sequence'
  [1m[36mSQL (0.1ms)[0m  [1mSELECT "schema_migrations"."version" FROM "schema_migrations"[0m
  [1m[35mSQL (0.3ms)[0m  select sqlite_version(*)
  [1m[36mSQL (0.1ms)[0m  [1m SELECT name
 FROM sqlite_master
 WHERE type = 'table' AND NOT name = 'sqlite_sequence'
[0m
  [1m[35mSQL (1.5ms)[0m  CREATE TABLE "users" ("id" INTEGER PRIMARY KEY AUTOINCREMENT NOT NULL, "email" varchar(255) DEFAULT '' NOT NULL, "encrypted_password" varchar(128) DEFAULT '' NOT NULL, "reset_password_token" varchar(255), "remember_created_at" datetime, "sign_in_count" integer DEFAULT 0, "current_sign_in_at" datetime, "last_sign_in_at" datetime, "current_sign_in_ip" varchar(255), "last_sign_in_ip" varchar(255), "created_at" datetime, "updated_at" datetime) 
  [1m[36mSQL (0.0ms)[0m  [1mPRAGMA index_list("users")[0m
  [1m[35mSQL (0.9ms)[0m  CREATE UNIQUE INDEX "index_users_on_email" ON "users" ("email")
  [1m[36mSQL (0.1ms)[0m  [1mPRAGMA index_list("users")[0m
  [1m[35mSQL (0.0ms)[0m  PRAGMA index_info('index_users_on_email')
  [1m[36mSQL (0.9ms)[0m  [1mCREATE UNIQUE INDEX "index_users_on_reset_password_token" ON "users" ("reset_password_token")[0m
  [1m[35mSQL (0.1ms)[0m   SELECT name
 FROM sqlite_master
 WHERE type = 'table' AND NOT name = 'sqlite_sequence'
  [1m[36mSQL (0.9ms)[0m  [1mCREATE TABLE "schema_migrations" ("version" varchar(255) NOT NULL) [0m
  [1m[35mSQL (0.0ms)[0m  PRAGMA index_list("schema_migrations")
  [1m[36mSQL (0.9ms)[0m  [1mCREATE UNIQUE INDEX "unique_schema_migrations" ON "schema_migrations" ("version")[0m
  [1m[35mSQL (0.1ms)[0m   SELECT name
 FROM sqlite_master
 WHERE type = 'table' AND NOT name = 'sqlite_sequence'
  [1m[36mSQL (0.1ms)[0m  [1mSELECT version FROM "schema_migrations"[0m
  [1m[35mSQL (0.9ms)[0m  INSERT INTO "schema_migrations" (version) VALUES ('20110330194419')


Started GET "/" for 127.0.0.1 at 2011-05-02 14:54:12 -0400
  Processing by HomeController#index as HTML
Redirected to http://localhost:3000/login
Completed 302 Found in 1ms


Started GET "/login" for 127.0.0.1 at 2011-05-02 14:54:12 -0400
  Processing by Devise::SessionsController#new as HTML
Rendered devise/sessions/new.html.haml within layouts/application (112.8ms)
Completed 200 OK in 149ms (Views: 120.4ms | ActiveRecord: 0.0ms)


Started GET "/images/log_in.png" for 127.0.0.1 at 2011-05-02 14:54:13 -0400

ActionController::RoutingError (No route matches "/images/log_in.png"):
  

Rendered /Users/lrains/.rvm/gems/ruby-1.9.2-head@kunz/gems/actionpack-3.0.5/lib/action_dispatch/middleware/templates/rescues/routing_error.erb within rescues/layout (1.3ms)
  [1m[36mSQL (0.3ms)[0m  [1mSHOW TABLES[0m
  [1m[35mSQL (34.4ms)[0m  CREATE TABLE `schema_migrations` (`version` varchar(255) NOT NULL) ENGINE=InnoDB
  [1m[36mSQL (0.3ms)[0m  [1mSHOW KEYS FROM `schema_migrations`[0m
  [1m[35mSQL (170.3ms)[0m  CREATE UNIQUE INDEX `unique_schema_migrations` ON `schema_migrations` (`version`)
  [1m[36mSQL (0.3ms)[0m  [1mSHOW TABLES[0m
  [1m[35mSQL (0.2ms)[0m  SHOW TABLES
  [1m[36mSQL (0.1ms)[0m  [1mSELECT `schema_migrations`.`version` FROM `schema_migrations`[0m
Migrating to DeviseCreateUsers (20110330194419)
  [1m[35mSQL (43.0ms)[0m  CREATE TABLE `users` (`id` int(11) DEFAULT NULL auto_increment PRIMARY KEY, `email` varchar(255) DEFAULT '' NOT NULL, `encrypted_password` varchar(128) DEFAULT '' NOT NULL, `reset_password_token` varchar(255), `remember_created_at` datetime, `sign_in_count` int(11) DEFAULT 0, `current_sign_in_at` datetime, `last_sign_in_at` datetime, `current_sign_in_ip` varchar(255), `last_sign_in_ip` varchar(255), `created_at` datetime, `updated_at` datetime) ENGINE=InnoDB
  [1m[36mSQL (0.6ms)[0m  [1mSHOW KEYS FROM `users`[0m
  [1m[35mSQL (28.6ms)[0m  CREATE UNIQUE INDEX `index_users_on_email` ON `users` (`email`)
  [1m[36mSQL (0.5ms)[0m  [1mSHOW KEYS FROM `users`[0m
  [1m[35mSQL (126.0ms)[0m  CREATE UNIQUE INDEX `index_users_on_reset_password_token` ON `users` (`reset_password_token`)
  [1m[36mSQL (0.4ms)[0m  [1mINSERT INTO `schema_migrations` (`version`) VALUES ('20110330194419')[0m
  [1m[35mSQL (0.4ms)[0m  SHOW TABLES
  [1m[36mSQL (0.2ms)[0m  [1mSELECT `schema_migrations`.`version` FROM `schema_migrations`[0m
  [1m[35mSQL (0.3ms)[0m  SHOW TABLES
  [1m[36mSQL (1.0ms)[0m  [1mdescribe `users`[0m
  [1m[35mSQL (0.3ms)[0m  SHOW KEYS FROM `users`
  [1m[36mSQL (0.4ms)[0m  [1mSHOW TABLES[0m
  [1m[35mSQL (0.2ms)[0m  SHOW TABLES
  [1m[36mSQL (0.2ms)[0m  [1mSELECT `schema_migrations`.`version` FROM `schema_migrations`[0m
Migrating to DeviseCreateUsers (20110330194419)
Migrating to CreateRoles (20110502191143)
  [1m[35mSQL (92.7ms)[0m  CREATE TABLE `roles` (`id` int(11) DEFAULT NULL auto_increment PRIMARY KEY, `name` varchar(255), `description` text, `created_at` datetime, `updated_at` datetime) ENGINE=InnoDB
  [1m[36mSQL (0.4ms)[0m  [1mINSERT INTO `schema_migrations` (`version`) VALUES ('20110502191143')[0m
  [1m[35mSQL (0.5ms)[0m  SHOW TABLES
  [1m[36mSQL (0.2ms)[0m  [1mSELECT `schema_migrations`.`version` FROM `schema_migrations`[0m
  [1m[35mSQL (0.3ms)[0m  SHOW TABLES
  [1m[36mSQL (0.9ms)[0m  [1mdescribe `roles`[0m
  [1m[35mSQL (0.2ms)[0m  SHOW KEYS FROM `roles`
  [1m[36mSQL (1.1ms)[0m  [1mdescribe `users`[0m
  [1m[35mSQL (0.5ms)[0m  SHOW KEYS FROM `users`
  [1m[36mSQL (0.4ms)[0m  [1mSHOW TABLES[0m
  [1m[35mSQL (0.2ms)[0m  SHOW TABLES
  [1m[36mSQL (0.2ms)[0m  [1mSELECT `schema_migrations`.`version` FROM `schema_migrations`[0m
  [1m[36mSQL (0.4ms)[0m  [1mSHOW TABLES[0m
  [1m[35mSQL (0.2ms)[0m  SHOW TABLES
  [1m[36mSQL (0.2ms)[0m  [1mSELECT `schema_migrations`.`version` FROM `schema_migrations`[0m
  [1m[35mSQL (0.2ms)[0m  SELECT COUNT(*) FROM `roles`
  [1m[36mSQL (0.1ms)[0m  [1mBEGIN[0m
  [1m[35mSQL (0.9ms)[0m  describe `roles`
  [1m[36mAREL (0.3ms)[0m  [1mINSERT INTO `roles` (`name`, `description`, `created_at`, `updated_at`) VALUES ('admin', 'this is the role for BCM users', '2011-05-02 19:16:24', '2011-05-02 19:16:24')[0m
  [1m[35mSQL (0.3ms)[0m  COMMIT
  [1m[36mSQL (0.1ms)[0m  [1mBEGIN[0m
  [1m[35mAREL (0.1ms)[0m  INSERT INTO `roles` (`name`, `description`, `created_at`, `updated_at`) VALUES ('consumer', 'this is the role for consumer users', '2011-05-02 19:16:24', '2011-05-02 19:16:24')
  [1m[36mSQL (0.2ms)[0m  [1mCOMMIT[0m
  [1m[35mSQL (0.1ms)[0m  BEGIN
  [1m[36mAREL (0.1ms)[0m  [1mINSERT INTO `roles` (`name`, `description`, `created_at`, `updated_at`) VALUES ('merchant', 'this is the role for merchant users', '2011-05-02 19:16:24', '2011-05-02 19:16:24')[0m
  [1m[35mSQL (0.2ms)[0m  COMMIT
  [1m[36mUser Load (0.2ms)[0m  [1mSELECT `users`.`id` FROM `users` WHERE (email = 'admin@kunz.org') LIMIT 1[0m
WARNING: Can't mass-assign protected attributes: full_name
  [1m[35mRole Load (0.3ms)[0m  SELECT `roles`.* FROM `roles` WHERE `roles`.`name` = 'admin' LIMIT 1
  [1m[36mSQL (0.1ms)[0m  [1mBEGIN[0m
  [1m[35mUser Load (0.2ms)[0m  SELECT `users`.`id` FROM `users` WHERE (`users`.`email` = BINARY 'admin@kunz.org') LIMIT 1
  [1m[36mSQL (1.2ms)[0m  [1mdescribe `users`[0m
  [1m[35mAREL (0.2ms)[0m  INSERT INTO `users` (`email`, `encrypted_password`, `reset_password_token`, `remember_created_at`, `sign_in_count`, `current_sign_in_at`, `last_sign_in_at`, `current_sign_in_ip`, `last_sign_in_ip`, `created_at`, `updated_at`) VALUES ('admin@kunz.org', '$2a$10$jjkR.902JgGp9k7/XfJ.deXXtpoNkd6isr376igBnXYZaQ3HqbylC', NULL, NULL, 0, NULL, NULL, NULL, NULL, '2011-05-02 19:16:24', '2011-05-02 19:16:24')
  [1m[36mSQL (0.2ms)[0m  [1mCOMMIT[0m


Started POST "/login" for 127.0.0.1 at 2011-05-02 15:17:11 -0400
  Processing by Devise::SessionsController#create as HTML
  Parameters: {"utf8"=>"âœ“", "authenticity_token"=>"Ligc2gsuuwIXzvCvXevPVVfzSwxZ5I4yDrh7D75TKEs=", "user"=>{"email"=>"admin@kunz.com", "password"=>"[FILTERED]", "remember_me"=>"0"}, "x"=>"0", "y"=>"0"}
  [1m[36mSQL (0.5ms)[0m  [1mSHOW TABLES[0m
  [1m[35mUser Load (0.5ms)[0m  SELECT `users`.* FROM `users` WHERE `users`.`email` = 'admin@kunz.com' LIMIT 1
Completed   in 123ms
  Processing by Devise::SessionsController#new as HTML
  Parameters: {"utf8"=>"âœ“", "authenticity_token"=>"Ligc2gsuuwIXzvCvXevPVVfzSwxZ5I4yDrh7D75TKEs=", "user"=>{"email"=>"admin@kunz.com", "password"=>"[FILTERED]", "remember_me"=>"0"}, "x"=>"0", "y"=>"0"}
Rendered devise/sessions/new.html.haml within layouts/application (19.4ms)
Completed 200 OK in 124ms (Views: 27.1ms | ActiveRecord: 1.0ms)


Started GET "/images/log_in.png" for 127.0.0.1 at 2011-05-02 15:17:12 -0400

ActionController::RoutingError (No route matches "/images/log_in.png"):
  

Rendered /Users/lrains/.rvm/gems/ruby-1.9.2-head@kunz/gems/actionpack-3.0.5/lib/action_dispatch/middleware/templates/rescues/routing_error.erb within rescues/layout (1.3ms)


Started POST "/login" for 127.0.0.1 at 2011-05-02 15:17:20 -0400
  Processing by Devise::SessionsController#create as HTML
  Parameters: {"utf8"=>"âœ“", "authenticity_token"=>"Ligc2gsuuwIXzvCvXevPVVfzSwxZ5I4yDrh7D75TKEs=", "user"=>{"email"=>"admin@kunz.com", "password"=>"[FILTERED]", "remember_me"=>"0"}, "x"=>"0", "y"=>"0"}
  [1m[36mUser Load (0.3ms)[0m  [1mSELECT `users`.* FROM `users` WHERE `users`.`email` = 'admin@kunz.com' LIMIT 1[0m
Completed   in 95ms
  Processing by Devise::SessionsController#new as HTML
  Parameters: {"utf8"=>"âœ“", "authenticity_token"=>"Ligc2gsuuwIXzvCvXevPVVfzSwxZ5I4yDrh7D75TKEs=", "user"=>{"email"=>"admin@kunz.com", "password"=>"[FILTERED]", "remember_me"=>"0"}, "x"=>"0", "y"=>"0"}
Rendered devise/sessions/new.html.haml within layouts/application (19.1ms)
Completed 200 OK in 122ms (Views: 26.1ms | ActiveRecord: 0.3ms)


Started GET "/images/log_in.png" for 127.0.0.1 at 2011-05-02 15:17:21 -0400

ActionController::RoutingError (No route matches "/images/log_in.png"):
  

Rendered /Users/lrains/.rvm/gems/ruby-1.9.2-head@kunz/gems/actionpack-3.0.5/lib/action_dispatch/middleware/templates/rescues/routing_error.erb within rescues/layout (1.3ms)


Started POST "/login" for 127.0.0.1 at 2011-05-02 15:17:44 -0400
  Processing by Devise::SessionsController#create as HTML
  Parameters: {"utf8"=>"âœ“", "authenticity_token"=>"Ligc2gsuuwIXzvCvXevPVVfzSwxZ5I4yDrh7D75TKEs=", "user"=>{"email"=>"admin@kunz.org", "password"=>"[FILTERED]", "remember_me"=>"0"}, "x"=>"0", "y"=>"0"}
  [1m[35mUser Load (0.4ms)[0m  SELECT `users`.* FROM `users` WHERE `users`.`email` = 'admin@kunz.org' LIMIT 1
  [1m[36mSQL (0.1ms)[0m  [1mBEGIN[0m
  [1m[35mAREL (0.5ms)[0m  UPDATE `users` SET `last_sign_in_at` = '2011-05-02 19:17:45', `current_sign_in_at` = '2011-05-02 19:17:45', `last_sign_in_ip` = '127.0.0.1', `current_sign_in_ip` = '127.0.0.1', `sign_in_count` = 1, `updated_at` = '2011-05-02 19:17:45' WHERE `users`.`id` = 1
  [1m[36mSQL (0.4ms)[0m  [1mCOMMIT[0m
Redirected to http://localhost:3000/
Completed 302 Found in 165ms


Started GET "/" for 127.0.0.1 at 2011-05-02 15:17:45 -0400
  Processing by HomeController#index as HTML
Redirected to http://localhost:3000/login
Completed 302 Found in 1ms


Started GET "/login" for 127.0.0.1 at 2011-05-02 15:17:45 -0400
  Processing by Devise::SessionsController#new as HTML
  [1m[35mUser Load (0.3ms)[0m  SELECT `users`.* FROM `users` WHERE `users`.`id` = 1 LIMIT 1
Redirected to http://localhost:3000/
Completed 302 Found in 32ms


Started GET "/" for 127.0.0.1 at 2011-05-02 15:17:45 -0400
  Processing by HomeController#index as HTML
Redirected to http://localhost:3000/login
Completed 302 Found in 1ms


Started GET "/login" for 127.0.0.1 at 2011-05-02 15:17:45 -0400
  Processing by Devise::SessionsController#new as HTML
  [1m[36mUser Load (0.3ms)[0m  [1mSELECT `users`.* FROM `users` WHERE `users`.`id` = 1 LIMIT 1[0m
Redirected to http://localhost:3000/
Completed 302 Found in 105ms


Started GET "/" for 127.0.0.1 at 2011-05-02 15:17:45 -0400
  Processing by HomeController#index as HTML
Redirected to http://localhost:3000/login
Completed 302 Found in 1ms


Started GET "/login" for 127.0.0.1 at 2011-05-02 15:17:45 -0400
  Processing by Devise::SessionsController#new as HTML
  [1m[35mUser Load (0.3ms)[0m  SELECT `users`.* FROM `users` WHERE `users`.`id` = 1 LIMIT 1
Redirected to http://localhost:3000/
Completed 302 Found in 103ms


Started GET "/" for 127.0.0.1 at 2011-05-02 15:17:45 -0400
  Processing by HomeController#index as HTML
Redirected to http://localhost:3000/login
Completed 302 Found in 1ms


Started GET "/login" for 127.0.0.1 at 2011-05-02 15:17:45 -0400
  Processing by Devise::SessionsController#new as HTML
  [1m[36mUser Load (0.3ms)[0m  [1mSELECT `users`.* FROM `users` WHERE `users`.`id` = 1 LIMIT 1[0m
Redirected to http://localhost:3000/
Completed 302 Found in 31ms


Started GET "/" for 127.0.0.1 at 2011-05-02 15:17:45 -0400
  Processing by HomeController#index as HTML
Redirected to http://localhost:3000/login
Completed 302 Found in 1ms


Started GET "/login" for 127.0.0.1 at 2011-05-02 15:17:46 -0400
  Processing by Devise::SessionsController#new as HTML
  [1m[35mUser Load (0.3ms)[0m  SELECT `users`.* FROM `users` WHERE `users`.`id` = 1 LIMIT 1
Redirected to http://localhost:3000/
Completed 302 Found in 31ms


Started GET "/" for 127.0.0.1 at 2011-05-02 15:17:46 -0400
  Processing by HomeController#index as HTML
Redirected to http://localhost:3000/login
Completed 302 Found in 1ms


Started GET "/login" for 127.0.0.1 at 2011-05-02 15:17:46 -0400
  Processing by Devise::SessionsController#new as HTML
  [1m[36mUser Load (0.3ms)[0m  [1mSELECT `users`.* FROM `users` WHERE `users`.`id` = 1 LIMIT 1[0m
Redirected to http://localhost:3000/
Completed 302 Found in 31ms


Started GET "/" for 127.0.0.1 at 2011-05-02 15:17:46 -0400
  Processing by HomeController#index as HTML
Redirected to http://localhost:3000/login
Completed 302 Found in 1ms


Started GET "/login" for 127.0.0.1 at 2011-05-02 15:17:46 -0400
  Processing by Devise::SessionsController#new as HTML
  [1m[35mUser Load (0.3ms)[0m  SELECT `users`.* FROM `users` WHERE `users`.`id` = 1 LIMIT 1
Redirected to http://localhost:3000/
Completed 302 Found in 31ms


Started GET "/" for 127.0.0.1 at 2011-05-02 15:17:46 -0400
  Processing by HomeController#index as HTML
Redirected to http://localhost:3000/login
Completed 302 Found in 1ms


Started GET "/login" for 127.0.0.1 at 2011-05-02 15:17:46 -0400
  Processing by Devise::SessionsController#new as HTML
  [1m[36mUser Load (0.3ms)[0m  [1mSELECT `users`.* FROM `users` WHERE `users`.`id` = 1 LIMIT 1[0m
Redirected to http://localhost:3000/
Completed 302 Found in 103ms


Started GET "/" for 127.0.0.1 at 2011-05-02 15:17:46 -0400
  Processing by HomeController#index as HTML
Redirected to http://localhost:3000/login
Completed 302 Found in 1ms


Started GET "/login" for 127.0.0.1 at 2011-05-02 15:17:46 -0400
  Processing by Devise::SessionsController#new as HTML
  [1m[35mUser Load (0.3ms)[0m  SELECT `users`.* FROM `users` WHERE `users`.`id` = 1 LIMIT 1
Redirected to http://localhost:3000/
Completed 302 Found in 102ms


Started GET "/" for 127.0.0.1 at 2011-05-02 15:17:46 -0400
  Processing by HomeController#index as HTML
Redirected to http://localhost:3000/login
Completed 302 Found in 1ms


Started GET "/login" for 127.0.0.1 at 2011-05-02 15:17:46 -0400
  Processing by Devise::SessionsController#new as HTML
  [1m[36mUser Load (0.3ms)[0m  [1mSELECT `users`.* FROM `users` WHERE `users`.`id` = 1 LIMIT 1[0m
Redirected to http://localhost:3000/
Completed 302 Found in 32ms


Started GET "/login" for 127.0.0.1 at 2011-05-02 15:17:52 -0400
  Processing by Devise::SessionsController#new as HTML
  [1m[35mUser Load (0.3ms)[0m  SELECT `users`.* FROM `users` WHERE `users`.`id` = 1 LIMIT 1
Redirected to http://localhost:3000/
Completed 302 Found in 31ms


Started GET "/" for 127.0.0.1 at 2011-05-02 15:17:52 -0400
  Processing by HomeController#index as HTML
Redirected to http://localhost:3000/login
Completed 302 Found in 1ms


Started GET "/login" for 127.0.0.1 at 2011-05-02 15:17:52 -0400
  Processing by Devise::SessionsController#new as HTML
  [1m[36mUser Load (0.3ms)[0m  [1mSELECT `users`.* FROM `users` WHERE `users`.`id` = 1 LIMIT 1[0m
Redirected to http://localhost:3000/
Completed 302 Found in 31ms


Started GET "/" for 127.0.0.1 at 2011-05-02 15:17:52 -0400
  Processing by HomeController#index as HTML
Redirected to http://localhost:3000/login
Completed 302 Found in 1ms


Started GET "/login" for 127.0.0.1 at 2011-05-02 15:17:52 -0400
  Processing by Devise::SessionsController#new as HTML
  [1m[35mUser Load (0.3ms)[0m  SELECT `users`.* FROM `users` WHERE `users`.`id` = 1 LIMIT 1
Redirected to http://localhost:3000/
Completed 302 Found in 31ms


Started GET "/" for 127.0.0.1 at 2011-05-02 15:17:52 -0400
  Processing by HomeController#index as HTML
Redirected to http://localhost:3000/login
Completed 302 Found in 1ms


Started GET "/login" for 127.0.0.1 at 2011-05-02 15:17:52 -0400
  Processing by Devise::SessionsController#new as HTML
  [1m[36mUser Load (0.3ms)[0m  [1mSELECT `users`.* FROM `users` WHERE `users`.`id` = 1 LIMIT 1[0m
Redirected to http://localhost:3000/
Completed 302 Found in 103ms


Started GET "/" for 127.0.0.1 at 2011-05-02 15:17:53 -0400
  Processing by HomeController#index as HTML
Redirected to http://localhost:3000/login
Completed 302 Found in 1ms


Started GET "/login" for 127.0.0.1 at 2011-05-02 15:17:53 -0400
  Processing by Devise::SessionsController#new as HTML
  [1m[35mUser Load (0.3ms)[0m  SELECT `users`.* FROM `users` WHERE `users`.`id` = 1 LIMIT 1
Redirected to http://localhost:3000/
Completed 302 Found in 31ms


Started GET "/" for 127.0.0.1 at 2011-05-02 15:17:53 -0400
  Processing by HomeController#index as HTML
Redirected to http://localhost:3000/login
Completed 302 Found in 1ms


Started GET "/login" for 127.0.0.1 at 2011-05-02 15:17:53 -0400
  Processing by Devise::SessionsController#new as HTML
  [1m[36mUser Load (0.3ms)[0m  [1mSELECT `users`.* FROM `users` WHERE `users`.`id` = 1 LIMIT 1[0m
Redirected to http://localhost:3000/
Completed 302 Found in 31ms


Started GET "/" for 127.0.0.1 at 2011-05-02 15:17:53 -0400
  Processing by HomeController#index as HTML
Redirected to http://localhost:3000/login
Completed 302 Found in 1ms


Started GET "/login" for 127.0.0.1 at 2011-05-02 15:17:53 -0400
  Processing by Devise::SessionsController#new as HTML
  [1m[35mUser Load (0.3ms)[0m  SELECT `users`.* FROM `users` WHERE `users`.`id` = 1 LIMIT 1
Redirected to http://localhost:3000/
Completed 302 Found in 31ms


Started GET "/" for 127.0.0.1 at 2011-05-02 15:17:53 -0400
  Processing by HomeController#index as HTML
Redirected to http://localhost:3000/login
Completed 302 Found in 1ms


Started GET "/login" for 127.0.0.1 at 2011-05-02 15:17:53 -0400
  Processing by Devise::SessionsController#new as HTML
  [1m[36mUser Load (0.3ms)[0m  [1mSELECT `users`.* FROM `users` WHERE `users`.`id` = 1 LIMIT 1[0m
Redirected to http://localhost:3000/
Completed 302 Found in 31ms


Started GET "/" for 127.0.0.1 at 2011-05-02 15:17:53 -0400
  Processing by HomeController#index as HTML
Redirected to http://localhost:3000/login
Completed 302 Found in 1ms


Started GET "/login" for 127.0.0.1 at 2011-05-02 15:17:53 -0400
  Processing by Devise::SessionsController#new as HTML
  [1m[35mUser Load (0.3ms)[0m  SELECT `users`.* FROM `users` WHERE `users`.`id` = 1 LIMIT 1
Redirected to http://localhost:3000/
Completed 302 Found in 32ms


Started GET "/" for 127.0.0.1 at 2011-05-02 15:17:53 -0400
  Processing by HomeController#index as HTML
Redirected to http://localhost:3000/login
Completed 302 Found in 1ms


Started GET "/login" for 127.0.0.1 at 2011-05-02 15:17:53 -0400
  Processing by Devise::SessionsController#new as HTML
  [1m[36mUser Load (0.3ms)[0m  [1mSELECT `users`.* FROM `users` WHERE `users`.`id` = 1 LIMIT 1[0m
Redirected to http://localhost:3000/
Completed 302 Found in 103ms


Started GET "/" for 127.0.0.1 at 2011-05-02 15:17:54 -0400
  Processing by HomeController#index as HTML
Redirected to http://localhost:3000/login
Completed 302 Found in 1ms


Started GET "/login" for 127.0.0.1 at 2011-05-02 15:17:54 -0400
  Processing by Devise::SessionsController#new as HTML
  [1m[35mUser Load (0.3ms)[0m  SELECT `users`.* FROM `users` WHERE `users`.`id` = 1 LIMIT 1
Redirected to http://localhost:3000/
Completed 302 Found in 102ms


Started GET "/login" for 127.0.0.1 at 2011-05-02 15:18:42 -0400
  Processing by Devise::SessionsController#new as HTML
  [1m[36mUser Load (0.3ms)[0m  [1mSELECT `users`.* FROM `users` WHERE `users`.`id` = 1 LIMIT 1[0m
Redirected to http://localhost:3000/
Completed 302 Found in 30ms


Started GET "/" for 127.0.0.1 at 2011-05-02 15:18:42 -0400
  Processing by HomeController#index as HTML
Completed   in 8ms

ActionView::MissingTemplate (Missing template home/here we are with {:handlers=>[:erb, :rjs, :builder, :rhtml, :rxml, :haml], :formats=>[:html], :locale=>[:en, :en]} in view paths "/Users/lrains/source/Kunz/Kunz/app/views", "/Users/lrains/.rvm/gems/ruby-1.9.2-head@kunz/gems/devise-1.3.4/app/views", "/Users/lrains/.rvm/gems/ruby-1.9.2-head@kunz/gems/declarative_authorization-0.5.2/app/views"):
  app/controllers/home_controller.rb:5:in `index'

Rendered /Users/lrains/.rvm/gems/ruby-1.9.2-head@kunz/gems/actionpack-3.0.5/lib/action_dispatch/middleware/templates/rescues/missing_template.erb within rescues/layout (1.0ms)


Started GET "/" for 127.0.0.1 at 2011-05-02 15:18:54 -0400
  Processing by HomeController#index as HTML
Completed   in 1ms

TypeError (can't convert Symbol into Integer):
  app/controllers/home_controller.rb:5:in `index'

Rendered /Users/lrains/.rvm/gems/ruby-1.9.2-head@kunz/gems/actionpack-3.0.5/lib/action_dispatch/middleware/templates/rescues/_trace.erb (1.7ms)
Rendered /Users/lrains/.rvm/gems/ruby-1.9.2-head@kunz/gems/actionpack-3.0.5/lib/action_dispatch/middleware/templates/rescues/_request_and_response.erb (226.4ms)
Rendered /Users/lrains/.rvm/gems/ruby-1.9.2-head@kunz/gems/actionpack-3.0.5/lib/action_dispatch/middleware/templates/rescues/diagnostics.erb within rescues/layout (234.6ms)


Started GET "/" for 127.0.0.1 at 2011-05-02 15:19:41 -0400
  Processing by HomeController#index as HTML
Rendered text template (0.0ms)
Completed 200 OK in 19ms (Views: 18.3ms | ActiveRecord: 0.0ms)
  [1m[36mSQL (0.4ms)[0m  [1mSHOW TABLES[0m
  [1m[35mSQL (92.4ms)[0m  CREATE TABLE `schema_migrations` (`version` varchar(255) NOT NULL) ENGINE=InnoDB
  [1m[36mSQL (0.4ms)[0m  [1mSHOW KEYS FROM `schema_migrations`[0m
  [1m[35mSQL (152.2ms)[0m  CREATE UNIQUE INDEX `unique_schema_migrations` ON `schema_migrations` (`version`)
  [1m[36mSQL (0.4ms)[0m  [1mSHOW TABLES[0m
  [1m[35mSQL (0.2ms)[0m  SHOW TABLES
  [1m[36mSQL (0.2ms)[0m  [1mSELECT `schema_migrations`.`version` FROM `schema_migrations`[0m
Migrating to DeviseCreateUsers (20110330194419)
  [1m[35mSQL (40.1ms)[0m  CREATE TABLE `users` (`id` int(11) DEFAULT NULL auto_increment PRIMARY KEY, `email` varchar(255) DEFAULT '' NOT NULL, `encrypted_password` varchar(128) DEFAULT '' NOT NULL, `reset_password_token` varchar(255), `remember_created_at` datetime, `sign_in_count` int(11) DEFAULT 0, `current_sign_in_at` datetime, `last_sign_in_at` datetime, `current_sign_in_ip` varchar(255), `last_sign_in_ip` varchar(255), `created_at` datetime, `updated_at` datetime) ENGINE=InnoDB
  [1m[36mSQL (0.4ms)[0m  [1mSHOW KEYS FROM `users`[0m
  [1m[35mSQL (20.3ms)[0m  CREATE UNIQUE INDEX `index_users_on_email` ON `users` (`email`)
  [1m[36mSQL (0.4ms)[0m  [1mSHOW KEYS FROM `users`[0m
  [1m[35mSQL (126.5ms)[0m  CREATE UNIQUE INDEX `index_users_on_reset_password_token` ON `users` (`reset_password_token`)
  [1m[36mSQL (0.4ms)[0m  [1mINSERT INTO `schema_migrations` (`version`) VALUES ('20110330194419')[0m
Migrating to CreateRoles (20110502191143)
  [1m[35mSQL (44.2ms)[0m  CREATE TABLE `roles` (`id` int(11) DEFAULT NULL auto_increment PRIMARY KEY, `name` varchar(255), `description` text, `created_at` datetime, `updated_at` datetime) ENGINE=InnoDB
  [1m[36mSQL (0.4ms)[0m  [1mINSERT INTO `schema_migrations` (`version`) VALUES ('20110502191143')[0m
  [1m[35mSQL (0.5ms)[0m  SHOW TABLES
  [1m[36mSQL (0.2ms)[0m  [1mSELECT `schema_migrations`.`version` FROM `schema_migrations`[0m
  [1m[35mSQL (0.3ms)[0m  SHOW TABLES
  [1m[36mSQL (0.8ms)[0m  [1mdescribe `roles`[0m
  [1m[35mSQL (0.3ms)[0m  SHOW KEYS FROM `roles`
  [1m[36mSQL (1.0ms)[0m  [1mdescribe `users`[0m
  [1m[35mSQL (0.3ms)[0m  SHOW KEYS FROM `users`
  [1m[36mSQL (0.5ms)[0m  [1mSHOW TABLES[0m
  [1m[35mSQL (0.2ms)[0m  SHOW TABLES
  [1m[36mSQL (0.2ms)[0m  [1mSELECT `schema_migrations`.`version` FROM `schema_migrations`[0m
  [1m[35mSQL (0.2ms)[0m  SELECT COUNT(*) FROM `roles`
  [1m[36mSQL (0.1ms)[0m  [1mBEGIN[0m
  [1m[35mSQL (1.1ms)[0m  describe `roles`
  [1m[36mAREL (0.3ms)[0m  [1mINSERT INTO `roles` (`name`, `description`, `created_at`, `updated_at`) VALUES ('admin', 'this is the role for BCM users', '2011-05-02 19:25:13', '2011-05-02 19:25:13')[0m
  [1m[35mSQL (0.3ms)[0m  COMMIT
  [1m[36mSQL (0.1ms)[0m  [1mBEGIN[0m
  [1m[35mAREL (0.2ms)[0m  INSERT INTO `roles` (`name`, `description`, `created_at`, `updated_at`) VALUES ('cousin', 'this is the role for consumer users', '2011-05-02 19:25:13', '2011-05-02 19:25:13')
  [1m[36mSQL (0.2ms)[0m  [1mCOMMIT[0m
  [1m[35mUser Load (0.2ms)[0m  SELECT `users`.`id` FROM `users` WHERE (email = 'admin@kunz.org') LIMIT 1
WARNING: Can't mass-assign protected attributes: full_name
  [1m[36mRole Load (0.4ms)[0m  [1mSELECT `roles`.* FROM `roles` WHERE `roles`.`name` = 'admin' LIMIT 1[0m
  [1m[35mSQL (0.1ms)[0m  BEGIN
  [1m[36mUser Load (0.3ms)[0m  [1mSELECT `users`.`id` FROM `users` WHERE (`users`.`email` = BINARY 'admin@kunz.org') LIMIT 1[0m
  [1m[35mSQL (1.2ms)[0m  describe `users`
  [1m[36mAREL (0.2ms)[0m  [1mINSERT INTO `users` (`email`, `encrypted_password`, `reset_password_token`, `remember_created_at`, `sign_in_count`, `current_sign_in_at`, `last_sign_in_at`, `current_sign_in_ip`, `last_sign_in_ip`, `created_at`, `updated_at`) VALUES ('admin@kunz.org', '$2a$10$Q65Te64WKTyqjHvU45Cr0u.9ON1yz5NoBOk9lQluEn3XyvB1n9/9G', NULL, NULL, 0, NULL, NULL, NULL, NULL, '2011-05-02 19:25:13', '2011-05-02 19:25:13')[0m
  [1m[35mSQL (0.3ms)[0m  COMMIT
  [1m[36mSQL (0.5ms)[0m  [1mSHOW TABLES[0m
  [1m[35mSQL (0.2ms)[0m  SHOW TABLES
  [1m[36mSQL (0.2ms)[0m  [1mSELECT `schema_migrations`.`version` FROM `schema_migrations`[0m
  [1m[35mSQL (0.6ms)[0m  DROP DATABASE IF EXISTS `kunz_test`
  [1m[36mSQL (0.3ms)[0m  [1mCREATE DATABASE `kunz_test` DEFAULT CHARACTER SET `utf8`[0m
  [1m[35mSQL (0.3ms)[0m  SHOW TABLES
  [1m[36mSQL (31.0ms)[0m  [1mCREATE TABLE `roles` (`id` int(11) DEFAULT NULL auto_increment PRIMARY KEY, `name` varchar(255), `description` text, `created_at` datetime, `updated_at` datetime) ENGINE=InnoDB[0m
  [1m[35mSQL (0.4ms)[0m  SHOW TABLES
  [1m[36mSQL (137.4ms)[0m  [1mCREATE TABLE `users` (`id` int(11) DEFAULT NULL auto_increment PRIMARY KEY, `email` varchar(255) DEFAULT '' NOT NULL, `encrypted_password` varchar(128) DEFAULT '' NOT NULL, `reset_password_token` varchar(255), `remember_created_at` datetime, `sign_in_count` int(11) DEFAULT 0, `current_sign_in_at` datetime, `last_sign_in_at` datetime, `current_sign_in_ip` varchar(255), `last_sign_in_ip` varchar(255), `created_at` datetime, `updated_at` datetime) ENGINE=InnoDB[0m
  [1m[35mSQL (0.5ms)[0m  SHOW KEYS FROM `users`
  [1m[36mSQL (21.1ms)[0m  [1mCREATE UNIQUE INDEX `index_users_on_email` ON `users` (`email`)[0m
  [1m[35mSQL (0.4ms)[0m  SHOW KEYS FROM `users`
  [1m[36mSQL (26.1ms)[0m  [1mCREATE UNIQUE INDEX `index_users_on_reset_password_token` ON `users` (`reset_password_token`)[0m
  [1m[35mSQL (0.3ms)[0m  SHOW TABLES
  [1m[36mSQL (107.6ms)[0m  [1mCREATE TABLE `schema_migrations` (`version` varchar(255) NOT NULL) ENGINE=InnoDB[0m
  [1m[35mSQL (0.4ms)[0m  SHOW KEYS FROM `schema_migrations`
  [1m[36mSQL (20.3ms)[0m  [1mCREATE UNIQUE INDEX `unique_schema_migrations` ON `schema_migrations` (`version`)[0m
  [1m[35mSQL (0.3ms)[0m  SHOW TABLES
  [1m[36mSQL (0.3ms)[0m  [1mSELECT version FROM `schema_migrations`[0m
  [1m[35mSQL (0.4ms)[0m  INSERT INTO `schema_migrations` (version) VALUES ('20110502191143')
  [1m[36mSQL (0.4ms)[0m  [1mINSERT INTO `schema_migrations` (version) VALUES ('20110330194419')[0m
  [1m[36mSQL (0.5ms)[0m  [1mSHOW TABLES[0m
  [1m[35mSQL (0.2ms)[0m  SHOW TABLES
  [1m[36mSQL (0.2ms)[0m  [1mSELECT `schema_migrations`.`version` FROM `schema_migrations`[0m
  [1m[35mSQL (3.1ms)[0m  DROP DATABASE IF EXISTS `kunz_test`
  [1m[36mSQL (0.3ms)[0m  [1mCREATE DATABASE `kunz_test` DEFAULT CHARACTER SET `utf8`[0m
  [1m[35mSQL (0.3ms)[0m  SHOW TABLES
  [1m[36mSQL (43.8ms)[0m  [1mCREATE TABLE `roles` (`id` int(11) DEFAULT NULL auto_increment PRIMARY KEY, `name` varchar(255), `description` text, `created_at` datetime, `updated_at` datetime) ENGINE=InnoDB[0m
  [1m[35mSQL (0.3ms)[0m  SHOW TABLES
  [1m[36mSQL (35.9ms)[0m  [1mCREATE TABLE `users` (`id` int(11) DEFAULT NULL auto_increment PRIMARY KEY, `email` varchar(255) DEFAULT '' NOT NULL, `encrypted_password` varchar(128) DEFAULT '' NOT NULL, `reset_password_token` varchar(255), `remember_created_at` datetime, `sign_in_count` int(11) DEFAULT 0, `current_sign_in_at` datetime, `last_sign_in_at` datetime, `current_sign_in_ip` varchar(255), `last_sign_in_ip` varchar(255), `created_at` datetime, `updated_at` datetime) ENGINE=InnoDB[0m
  [1m[35mSQL (0.4ms)[0m  SHOW KEYS FROM `users`
  [1m[36mSQL (128.0ms)[0m  [1mCREATE UNIQUE INDEX `index_users_on_email` ON `users` (`email`)[0m
  [1m[35mSQL (0.4ms)[0m  SHOW KEYS FROM `users`
  [1m[36mSQL (18.5ms)[0m  [1mCREATE UNIQUE INDEX `index_users_on_reset_password_token` ON `users` (`reset_password_token`)[0m
  [1m[35mSQL (0.3ms)[0m  SHOW TABLES
  [1m[36mSQL (24.1ms)[0m  [1mCREATE TABLE `schema_migrations` (`version` varchar(255) NOT NULL) ENGINE=InnoDB[0m
  [1m[35mSQL (0.4ms)[0m  SHOW KEYS FROM `schema_migrations`
  [1m[36mSQL (27.8ms)[0m  [1mCREATE UNIQUE INDEX `unique_schema_migrations` ON `schema_migrations` (`version`)[0m
  [1m[35mSQL (0.3ms)[0m  SHOW TABLES
  [1m[36mSQL (0.2ms)[0m  [1mSELECT version FROM `schema_migrations`[0m
  [1m[35mSQL (0.4ms)[0m  INSERT INTO `schema_migrations` (version) VALUES ('20110502191143')
  [1m[36mSQL (0.3ms)[0m  [1mINSERT INTO `schema_migrations` (version) VALUES ('20110330194419')[0m
  [1m[36mSQL (0.5ms)[0m  [1mSHOW TABLES[0m
  [1m[35mSQL (0.2ms)[0m  SHOW TABLES
  [1m[36mSQL (0.3ms)[0m  [1mSELECT `schema_migrations`.`version` FROM `schema_migrations`[0m
  [1m[35mSQL (4.5ms)[0m  DROP DATABASE IF EXISTS `kunz_test`
  [1m[36mSQL (0.3ms)[0m  [1mCREATE DATABASE `kunz_test` DEFAULT CHARACTER SET `utf8`[0m
  [1m[35mSQL (0.3ms)[0m  SHOW TABLES
  [1m[36mSQL (30.0ms)[0m  [1mCREATE TABLE `roles` (`id` int(11) DEFAULT NULL auto_increment PRIMARY KEY, `name` varchar(255), `description` text, `created_at` datetime, `updated_at` datetime) ENGINE=InnoDB[0m
  [1m[35mSQL (0.3ms)[0m  SHOW TABLES
  [1m[36mSQL (162.3ms)[0m  [1mCREATE TABLE `users` (`id` int(11) DEFAULT NULL auto_increment PRIMARY KEY, `email` varchar(255) DEFAULT '' NOT NULL, `encrypted_password` varchar(128) DEFAULT '' NOT NULL, `reset_password_token` varchar(255), `remember_created_at` datetime, `sign_in_count` int(11) DEFAULT 0, `current_sign_in_at` datetime, `last_sign_in_at` datetime, `current_sign_in_ip` varchar(255), `last_sign_in_ip` varchar(255), `created_at` datetime, `updated_at` datetime) ENGINE=InnoDB[0m
  [1m[35mSQL (0.5ms)[0m  SHOW KEYS FROM `users`
  [1m[36mSQL (20.2ms)[0m  [1mCREATE UNIQUE INDEX `index_users_on_email` ON `users` (`email`)[0m
  [1m[35mSQL (0.4ms)[0m  SHOW KEYS FROM `users`
  [1m[36mSQL (26.0ms)[0m  [1mCREATE UNIQUE INDEX `index_users_on_reset_password_token` ON `users` (`reset_password_token`)[0m
  [1m[35mSQL (0.4ms)[0m  SHOW TABLES
  [1m[36mSQL (23.5ms)[0m  [1mCREATE TABLE `schema_migrations` (`version` varchar(255) NOT NULL) ENGINE=InnoDB[0m
  [1m[35mSQL (0.3ms)[0m  SHOW KEYS FROM `schema_migrations`
  [1m[36mSQL (112.1ms)[0m  [1mCREATE UNIQUE INDEX `unique_schema_migrations` ON `schema_migrations` (`version`)[0m
  [1m[35mSQL (0.5ms)[0m  SHOW TABLES
  [1m[36mSQL (0.3ms)[0m  [1mSELECT version FROM `schema_migrations`[0m
  [1m[35mSQL (0.4ms)[0m  INSERT INTO `schema_migrations` (version) VALUES ('20110502191143')
  [1m[36mSQL (0.3ms)[0m  [1mINSERT INTO `schema_migrations` (version) VALUES ('20110330194419')[0m
  [1m[36mSQL (25.7ms)[0m  [1mSHOW TABLES[0m
  [1m[35mSQL (0.3ms)[0m  SHOW TABLES
  [1m[36mSQL (0.2ms)[0m  [1mSELECT `schema_migrations`.`version` FROM `schema_migrations`[0m
Migrating to DeviseCreateUsers (20110330194419)
Migrating to CreateRoles (20110502191143)
Migrating to AddColumnsToUsers (20110502200119)
  [1m[35mSQL (38.5ms)[0m  ALTER TABLE `users` ADD `role_id` int(11) NOT NULL
  [1m[36mSQL (185.9ms)[0m  [1mALTER TABLE `users` ADD `full_name` varchar(255)[0m
  [1m[35mSQL (32.9ms)[0m  ALTER TABLE `users` ADD `street_address` varchar(255)
  [1m[36mSQL (27.0ms)[0m  [1mALTER TABLE `users` ADD `city` varchar(255)[0m
  [1m[35mSQL (118.5ms)[0m  ALTER TABLE `users` ADD `state` varchar(255)
  [1m[36mSQL (19.6ms)[0m  [1mALTER TABLE `users` ADD `country` varchar(255)[0m
  [1m[35mSQL (0.4ms)[0m  INSERT INTO `schema_migrations` (`version`) VALUES ('20110502200119')
  [1m[36mSQL (0.6ms)[0m  [1mSHOW TABLES[0m
  [1m[35mSQL (0.3ms)[0m  SELECT `schema_migrations`.`version` FROM `schema_migrations`
  [1m[36mSQL (0.3ms)[0m  [1mSHOW TABLES[0m
  [1m[35mSQL (0.9ms)[0m  describe `roles`
  [1m[36mSQL (1.1ms)[0m  [1mSHOW KEYS FROM `roles`[0m
  [1m[35mSQL (1.3ms)[0m  describe `users`
  [1m[36mSQL (0.2ms)[0m  [1mSHOW KEYS FROM `users`[0m
  [1m[36mSQL (0.4ms)[0m  [1mSHOW TABLES[0m
  [1m[35mSQL (0.2ms)[0m  SHOW TABLES
  [1m[36mSQL (0.2ms)[0m  [1mSELECT `schema_migrations`.`version` FROM `schema_migrations`[0m
  [1m[35mSQL (0.2ms)[0m  SHOW TABLES
  [1m[36mSQL (0.2ms)[0m  [1mSELECT `schema_migrations`.`version` FROM `schema_migrations`[0m
Migrating to AddColumnsToUsers (20110502200119)
  [1m[35mSQL (31.0ms)[0m  ALTER TABLE `users` DROP `role_id`
  [1m[36mSQL (171.8ms)[0m  [1mALTER TABLE `users` DROP `full_name`[0m
  [1m[35mSQL (33.1ms)[0m  ALTER TABLE `users` DROP `street_address`
  [1m[36mSQL (27.9ms)[0m  [1mALTER TABLE `users` DROP `city`[0m
  [1m[35mSQL (117.8ms)[0m  ALTER TABLE `users` DROP `state`
  [1m[36mSQL (19.4ms)[0m  [1mALTER TABLE `users` DROP `country`[0m
  [1m[35mAREL (0.4ms)[0m  DELETE FROM `schema_migrations` WHERE `schema_migrations`.`version` = '20110502200119'
  [1m[36mSQL (0.6ms)[0m  [1mSHOW TABLES[0m
  [1m[35mSQL (0.2ms)[0m  SELECT `schema_migrations`.`version` FROM `schema_migrations`
  [1m[36mSQL (0.3ms)[0m  [1mSHOW TABLES[0m
  [1m[35mSQL (0.9ms)[0m  describe `roles`
  [1m[36mSQL (0.5ms)[0m  [1mSHOW KEYS FROM `roles`[0m
  [1m[35mSQL (1.3ms)[0m  describe `users`
  [1m[36mSQL (0.3ms)[0m  [1mSHOW KEYS FROM `users`[0m
  [1m[36mSQL (0.5ms)[0m  [1mSHOW TABLES[0m
  [1m[35mSQL (0.2ms)[0m  SHOW TABLES
  [1m[36mSQL (0.3ms)[0m  [1mSELECT `schema_migrations`.`version` FROM `schema_migrations`[0m
Migrating to DeviseCreateUsers (20110330194419)
Migrating to CreateRoles (20110502191143)
Migrating to AddColumnsToUsers (20110502200119)
  [1m[35mSQL (40.5ms)[0m  ALTER TABLE `users` ADD `role_id` int(11) NOT NULL
  [1m[36mSQL (28.8ms)[0m  [1mALTER TABLE `users` ADD `full_name` varchar(255)[0m
  [1m[35mSQL (142.5ms)[0m  ALTER TABLE `users` ADD `street_address` varchar(255)
  [1m[36mSQL (42.0ms)[0m  [1mALTER TABLE `users` ADD `city` varchar(255)[0m
  [1m[35mSQL (27.5ms)[0m  ALTER TABLE `users` ADD `state` varchar(255)
  [1m[36mSQL (111.1ms)[0m  [1mALTER TABLE `users` ADD `country` varchar(255)[0m
  [1m[35mSQL (0.4ms)[0m  INSERT INTO `schema_migrations` (`version`) VALUES ('20110502200119')
  [1m[36mSQL (0.4ms)[0m  [1mSHOW TABLES[0m
  [1m[35mSQL (0.2ms)[0m  SELECT `schema_migrations`.`version` FROM `schema_migrations`
  [1m[36mSQL (0.3ms)[0m  [1mSHOW TABLES[0m
  [1m[35mSQL (0.8ms)[0m  describe `roles`
  [1m[36mSQL (0.5ms)[0m  [1mSHOW KEYS FROM `roles`[0m
  [1m[35mSQL (1.4ms)[0m  describe `users`
  [1m[36mSQL (0.3ms)[0m  [1mSHOW KEYS FROM `users`[0m
  [1m[36mUser Load (0.3ms)[0m  [1mSELECT `users`.* FROM `users`[0m
  [1m[36mSQL (0.3ms)[0m  [1mSHOW TABLES[0m
  [1m[35mSQL (26.9ms)[0m  CREATE TABLE `schema_migrations` (`version` varchar(255) NOT NULL) ENGINE=InnoDB
  [1m[36mSQL (0.3ms)[0m  [1mSHOW KEYS FROM `schema_migrations`[0m
  [1m[35mSQL (161.6ms)[0m  CREATE UNIQUE INDEX `unique_schema_migrations` ON `schema_migrations` (`version`)
  [1m[36mSQL (0.3ms)[0m  [1mSHOW TABLES[0m
  [1m[35mSQL (0.2ms)[0m  SHOW TABLES
  [1m[36mSQL (0.1ms)[0m  [1mSELECT `schema_migrations`.`version` FROM `schema_migrations`[0m
Migrating to DeviseCreateUsers (20110330194419)
  [1m[35mSQL (37.1ms)[0m  CREATE TABLE `users` (`id` int(11) DEFAULT NULL auto_increment PRIMARY KEY, `email` varchar(255) DEFAULT '' NOT NULL, `encrypted_password` varchar(128) DEFAULT '' NOT NULL, `reset_password_token` varchar(255), `remember_created_at` datetime, `sign_in_count` int(11) DEFAULT 0, `current_sign_in_at` datetime, `last_sign_in_at` datetime, `current_sign_in_ip` varchar(255), `last_sign_in_ip` varchar(255), `created_at` datetime, `updated_at` datetime) ENGINE=InnoDB
  [1m[36mSQL (0.4ms)[0m  [1mSHOW KEYS FROM `users`[0m
  [1m[35mSQL (20.5ms)[0m  CREATE UNIQUE INDEX `index_users_on_email` ON `users` (`email`)
  [1m[36mSQL (0.4ms)[0m  [1mSHOW KEYS FROM `users`[0m
  [1m[35mSQL (126.1ms)[0m  CREATE UNIQUE INDEX `index_users_on_reset_password_token` ON `users` (`reset_password_token`)
  [1m[36mSQL (0.3ms)[0m  [1mINSERT INTO `schema_migrations` (`version`) VALUES ('20110330194419')[0m
Migrating to CreateRoles (20110502191143)
  [1m[35mSQL (30.3ms)[0m  CREATE TABLE `roles` (`id` int(11) DEFAULT NULL auto_increment PRIMARY KEY, `name` varchar(255), `description` text, `created_at` datetime, `updated_at` datetime) ENGINE=InnoDB
  [1m[36mSQL (0.4ms)[0m  [1mINSERT INTO `schema_migrations` (`version`) VALUES ('20110502191143')[0m
Migrating to AddColumnsToUsers (20110502200119)
  [1m[35mSQL (41.4ms)[0m  ALTER TABLE `users` ADD `role_id` int(11) NOT NULL
  [1m[36mSQL (108.9ms)[0m  [1mALTER TABLE `users` ADD `full_name` varchar(255)[0m
  [1m[35mSQL (19.2ms)[0m  ALTER TABLE `users` ADD `street_address` varchar(255)
  [1m[36mSQL (27.4ms)[0m  [1mALTER TABLE `users` ADD `city` varchar(255)[0m
  [1m[35mSQL (25.7ms)[0m  ALTER TABLE `users` ADD `state` varchar(255)
  [1m[36mSQL (126.3ms)[0m  [1mALTER TABLE `users` ADD `country` varchar(255)[0m
  [1m[35mSQL (0.3ms)[0m  INSERT INTO `schema_migrations` (`version`) VALUES ('20110502200119')
  [1m[36mSQL (0.4ms)[0m  [1mSHOW TABLES[0m
  [1m[35mSQL (0.4ms)[0m  SELECT `schema_migrations`.`version` FROM `schema_migrations`
  [1m[36mSQL (0.3ms)[0m  [1mSHOW TABLES[0m
  [1m[35mSQL (0.8ms)[0m  describe `roles`
  [1m[36mSQL (0.3ms)[0m  [1mSHOW KEYS FROM `roles`[0m
  [1m[35mSQL (1.3ms)[0m  describe `users`
  [1m[36mSQL (0.5ms)[0m  [1mSHOW KEYS FROM `users`[0m
  [1m[36mSQL (0.4ms)[0m  [1mSHOW TABLES[0m
  [1m[35mSQL (0.2ms)[0m  SHOW TABLES
  [1m[36mSQL (0.2ms)[0m  [1mSELECT `schema_migrations`.`version` FROM `schema_migrations`[0m
  [1m[35mSQL (0.2ms)[0m  SELECT COUNT(*) FROM `roles`
  [1m[36mSQL (0.1ms)[0m  [1mBEGIN[0m
  [1m[35mSQL (0.8ms)[0m  describe `roles`
  [1m[36mAREL (0.3ms)[0m  [1mINSERT INTO `roles` (`name`, `description`, `created_at`, `updated_at`) VALUES ('admin', 'this is the role for BCM users', '2011-05-03 14:18:07', '2011-05-03 14:18:07')[0m
  [1m[35mSQL (0.4ms)[0m  COMMIT
  [1m[36mSQL (0.1ms)[0m  [1mBEGIN[0m
  [1m[35mAREL (0.1ms)[0m  INSERT INTO `roles` (`name`, `description`, `created_at`, `updated_at`) VALUES ('cousin', 'this is the role for consumer users', '2011-05-03 14:18:07', '2011-05-03 14:18:07')
  [1m[36mSQL (0.3ms)[0m  [1mCOMMIT[0m
  [1m[35mUser Load (0.2ms)[0m  SELECT `users`.`id` FROM `users` WHERE (email = 'admin@kunz.org') LIMIT 1
WARNING: Can't mass-assign protected attributes: full_name
  [1m[36mRole Load (0.4ms)[0m  [1mSELECT `roles`.* FROM `roles` WHERE `roles`.`name` = 'admin' LIMIT 1[0m
  [1m[35mSQL (0.1ms)[0m  BEGIN
  [1m[36mUser Load (0.5ms)[0m  [1mSELECT `users`.`id` FROM `users` WHERE (`users`.`email` = BINARY 'admin@kunz.org') LIMIT 1[0m
  [1m[35mSQL (1.5ms)[0m  describe `users`
  [1m[36mAREL (0.3ms)[0m  [1mINSERT INTO `users` (`email`, `encrypted_password`, `reset_password_token`, `remember_created_at`, `sign_in_count`, `current_sign_in_at`, `last_sign_in_at`, `current_sign_in_ip`, `last_sign_in_ip`, `created_at`, `updated_at`, `role_id`, `full_name`, `street_address`, `city`, `state`, `country`) VALUES ('admin@kunz.org', '$2a$10$cgpETM4UAlGwlnUIRbUjTuIjxeLTwxyYPCzgWwaaHZahUG21HsHbK', NULL, NULL, 0, NULL, NULL, NULL, NULL, '2011-05-03 14:18:08', '2011-05-03 14:18:08', 1, NULL, NULL, NULL, NULL, NULL)[0m
  [1m[35mSQL (0.3ms)[0m  COMMIT
  [1m[36mSQL (0.4ms)[0m  [1mSHOW TABLES[0m
  [1m[35mSQL (19.1ms)[0m  CREATE TABLE `schema_migrations` (`version` varchar(255) NOT NULL) ENGINE=InnoDB
  [1m[36mSQL (0.4ms)[0m  [1mSHOW KEYS FROM `schema_migrations`[0m
  [1m[35mSQL (20.7ms)[0m  CREATE UNIQUE INDEX `unique_schema_migrations` ON `schema_migrations` (`version`)
  [1m[36mSQL (0.3ms)[0m  [1mSHOW TABLES[0m
  [1m[35mSQL (0.2ms)[0m  SHOW TABLES
  [1m[36mSQL (0.2ms)[0m  [1mSELECT `schema_migrations`.`version` FROM `schema_migrations`[0m
Migrating to DeviseCreateUsers (20110330194419)
  [1m[35mSQL (41.2ms)[0m  CREATE TABLE `users` (`id` int(11) DEFAULT NULL auto_increment PRIMARY KEY, `email` varchar(255) DEFAULT '' NOT NULL, `encrypted_password` varchar(128) DEFAULT '' NOT NULL, `reset_password_token` varchar(255), `remember_created_at` datetime, `sign_in_count` int(11) DEFAULT 0, `current_sign_in_at` datetime, `last_sign_in_at` datetime, `current_sign_in_ip` varchar(255), `last_sign_in_ip` varchar(255), `created_at` datetime, `updated_at` datetime) ENGINE=InnoDB
  [1m[36mSQL (0.6ms)[0m  [1mSHOW KEYS FROM `users`[0m
  [1m[35mSQL (28.0ms)[0m  CREATE UNIQUE INDEX `index_users_on_email` ON `users` (`email`)
  [1m[36mSQL (0.5ms)[0m  [1mSHOW KEYS FROM `users`[0m
  [1m[35mSQL (126.5ms)[0m  CREATE UNIQUE INDEX `index_users_on_reset_password_token` ON `users` (`reset_password_token`)
  [1m[36mSQL (0.4ms)[0m  [1mINSERT INTO `schema_migrations` (`version`) VALUES ('20110330194419')[0m
Migrating to CreateRoles (20110502191143)
  [1m[35mSQL (35.9ms)[0m  CREATE TABLE `roles` (`id` int(11) DEFAULT NULL auto_increment PRIMARY KEY, `name` varchar(255), `description` text, `created_at` datetime, `updated_at` datetime) ENGINE=InnoDB
  [1m[36mSQL (0.4ms)[0m  [1mINSERT INTO `schema_migrations` (`version`) VALUES ('20110502191143')[0m
Migrating to AddColumnsToUsers (20110502200119)
  [1m[35mSQL (40.3ms)[0m  ALTER TABLE `users` ADD `role_id` int(11) NOT NULL
  [1m[36mSQL (126.6ms)[0m  [1mALTER TABLE `users` ADD `full_name` varchar(255)[0m
  [1m[35mSQL (19.3ms)[0m  ALTER TABLE `users` ADD `street_address` varchar(255)
  [1m[36mSQL (27.2ms)[0m  [1mALTER TABLE `users` ADD `city` varchar(255)[0m
  [1m[35mSQL (26.5ms)[0m  ALTER TABLE `users` ADD `state` varchar(255)
  [1m[36mSQL (126.8ms)[0m  [1mALTER TABLE `users` ADD `country` varchar(255)[0m
  [1m[35mSQL (34.8ms)[0m  ALTER TABLE `users` ADD `zip` varchar(255)
  [1m[36mSQL (0.5ms)[0m  [1mINSERT INTO `schema_migrations` (`version`) VALUES ('20110502200119')[0m
  [1m[35mSQL (0.5ms)[0m  SHOW TABLES
  [1m[36mSQL (0.5ms)[0m  [1mSELECT `schema_migrations`.`version` FROM `schema_migrations`[0m
  [1m[35mSQL (0.4ms)[0m  SHOW TABLES
  [1m[36mSQL (0.8ms)[0m  [1mdescribe `roles`[0m
  [1m[35mSQL (0.5ms)[0m  SHOW KEYS FROM `roles`
  [1m[36mSQL (1.4ms)[0m  [1mdescribe `users`[0m
  [1m[35mSQL (0.3ms)[0m  SHOW KEYS FROM `users`
  [1m[36mSQL (0.5ms)[0m  [1mSHOW TABLES[0m
  [1m[35mSQL (0.2ms)[0m  SHOW TABLES
  [1m[36mSQL (0.3ms)[0m  [1mSELECT `schema_migrations`.`version` FROM `schema_migrations`[0m
  [1m[35mSQL (0.2ms)[0m  SELECT COUNT(*) FROM `roles`
  [1m[36mSQL (0.1ms)[0m  [1mBEGIN[0m
  [1m[35mSQL (0.9ms)[0m  describe `roles`
  [1m[36mAREL (0.3ms)[0m  [1mINSERT INTO `roles` (`name`, `description`, `created_at`, `updated_at`) VALUES ('admin', 'this is the role for BCM users', '2011-05-03 14:22:29', '2011-05-03 14:22:29')[0m
  [1m[35mSQL (0.3ms)[0m  COMMIT
  [1m[36mSQL (0.1ms)[0m  [1mBEGIN[0m
  [1m[35mAREL (0.1ms)[0m  INSERT INTO `roles` (`name`, `description`, `created_at`, `updated_at`) VALUES ('cousin', 'this is the role for consumer users', '2011-05-03 14:22:29', '2011-05-03 14:22:29')
  [1m[36mSQL (0.3ms)[0m  [1mCOMMIT[0m
  [1m[35mUser Load (0.2ms)[0m  SELECT `users`.`id` FROM `users` WHERE (email = 'admin@kunz.org') LIMIT 1
WARNING: Can't mass-assign protected attributes: full_name
  [1m[36mRole Load (0.4ms)[0m  [1mSELECT `roles`.* FROM `roles` WHERE `roles`.`name` = 'admin' LIMIT 1[0m
  [1m[35mSQL (0.1ms)[0m  BEGIN
  [1m[36mUser Load (0.2ms)[0m  [1mSELECT `users`.`id` FROM `users` WHERE (`users`.`email` = BINARY 'admin@kunz.org') LIMIT 1[0m
  [1m[35mSQL (1.5ms)[0m  describe `users`
  [1m[36mAREL (0.4ms)[0m  [1mINSERT INTO `users` (`email`, `encrypted_password`, `reset_password_token`, `remember_created_at`, `sign_in_count`, `current_sign_in_at`, `last_sign_in_at`, `current_sign_in_ip`, `last_sign_in_ip`, `created_at`, `updated_at`, `role_id`, `full_name`, `street_address`, `city`, `state`, `country`, `zip`) VALUES ('admin@kunz.org', '$2a$10$3t6Sno8COPL8dIdk0dK1RuBL.P71q9egSYtPB76DfEVC1zA/66vWm', NULL, NULL, 0, NULL, NULL, NULL, NULL, '2011-05-03 14:22:29', '2011-05-03 14:22:29', 1, NULL, NULL, NULL, NULL, NULL, NULL)[0m
  [1m[35mSQL (0.3ms)[0m  COMMIT
  [1m[35mUser Load (0.4ms)[0m  SELECT `users`.* FROM `users`
  [1m[36mSQL (10.0ms)[0m  [1mSHOW TABLES[0m
  [1m[35mSQL (0.4ms)[0m  SHOW TABLES
  [1m[36mSQL (0.2ms)[0m  [1mSELECT `schema_migrations`.`version` FROM `schema_migrations`[0m
  [1m[35mSQL (17.5ms)[0m  DROP DATABASE IF EXISTS `kunz_test`
  [1m[36mSQL (0.3ms)[0m  [1mCREATE DATABASE `kunz_test` DEFAULT CHARACTER SET `utf8`[0m
  [1m[35mSQL (0.3ms)[0m  SHOW TABLES
  [1m[36mSQL (31.2ms)[0m  [1mCREATE TABLE `roles` (`id` int(11) DEFAULT NULL auto_increment PRIMARY KEY, `name` varchar(255), `description` text, `created_at` datetime, `updated_at` datetime) ENGINE=InnoDB[0m
  [1m[35mSQL (0.3ms)[0m  SHOW TABLES
  [1m[36mSQL (153.9ms)[0m  [1mCREATE TABLE `users` (`id` int(11) DEFAULT NULL auto_increment PRIMARY KEY, `email` varchar(255) DEFAULT '' NOT NULL, `encrypted_password` varchar(128) DEFAULT '' NOT NULL, `reset_password_token` varchar(255), `remember_created_at` datetime, `sign_in_count` int(11) DEFAULT 0, `current_sign_in_at` datetime, `last_sign_in_at` datetime, `current_sign_in_ip` varchar(255), `last_sign_in_ip` varchar(255), `created_at` datetime, `updated_at` datetime, `role_id` int(11) NOT NULL, `full_name` varchar(255), `street_address` varchar(255), `city` varchar(255), `state` varchar(255), `country` varchar(255), `zip` varchar(255)) ENGINE=InnoDB[0m
  [1m[35mSQL (0.4ms)[0m  SHOW KEYS FROM `users`
  [1m[36mSQL (20.7ms)[0m  [1mCREATE UNIQUE INDEX `index_users_on_email` ON `users` (`email`)[0m
  [1m[35mSQL (0.4ms)[0m  SHOW KEYS FROM `users`
  [1m[36mSQL (27.1ms)[0m  [1mCREATE UNIQUE INDEX `index_users_on_reset_password_token` ON `users` (`reset_password_token`)[0m
  [1m[35mSQL (0.4ms)[0m  SHOW TABLES
  [1m[36mSQL (132.2ms)[0m  [1mCREATE TABLE `schema_migrations` (`version` varchar(255) NOT NULL) ENGINE=InnoDB[0m
  [1m[35mSQL (0.4ms)[0m  SHOW KEYS FROM `schema_migrations`
  [1m[36mSQL (20.5ms)[0m  [1mCREATE UNIQUE INDEX `unique_schema_migrations` ON `schema_migrations` (`version`)[0m
  [1m[35mSQL (0.4ms)[0m  SHOW TABLES
  [1m[36mSQL (0.3ms)[0m  [1mSELECT version FROM `schema_migrations`[0m
  [1m[35mSQL (0.4ms)[0m  INSERT INTO `schema_migrations` (version) VALUES ('20110502200119')
  [1m[36mSQL (0.3ms)[0m  [1mINSERT INTO `schema_migrations` (version) VALUES ('20110330194419')[0m
  [1m[35mSQL (0.3ms)[0m  INSERT INTO `schema_migrations` (version) VALUES ('20110502191143')
  [1m[36mSQL (0.3ms)[0m  [1mSHOW TABLES[0m
  [1m[35mSQL (29.8ms)[0m  CREATE TABLE `schema_migrations` (`version` varchar(255) NOT NULL) ENGINE=InnoDB
  [1m[36mSQL (0.3ms)[0m  [1mSHOW KEYS FROM `schema_migrations`[0m
  [1m[35mSQL (21.5ms)[0m  CREATE UNIQUE INDEX `unique_schema_migrations` ON `schema_migrations` (`version`)
  [1m[36mSQL (0.3ms)[0m  [1mSHOW TABLES[0m
  [1m[35mSQL (0.2ms)[0m  SHOW TABLES
  [1m[36mSQL (0.2ms)[0m  [1mSELECT `schema_migrations`.`version` FROM `schema_migrations`[0m
Migrating to DeviseCreateUsers (20110330194419)
  [1m[35mSQL (151.2ms)[0m  CREATE TABLE `users` (`id` int(11) DEFAULT NULL auto_increment PRIMARY KEY, `email` varchar(255) DEFAULT '' NOT NULL, `encrypted_password` varchar(128) DEFAULT '' NOT NULL, `reset_password_token` varchar(255), `remember_created_at` datetime, `sign_in_count` int(11) DEFAULT 0, `current_sign_in_at` datetime, `last_sign_in_at` datetime, `current_sign_in_ip` varchar(255), `last_sign_in_ip` varchar(255), `created_at` datetime, `updated_at` datetime) ENGINE=InnoDB
  [1m[36mSQL (0.5ms)[0m  [1mSHOW KEYS FROM `users`[0m
  [1m[35mSQL (20.7ms)[0m  CREATE UNIQUE INDEX `index_users_on_email` ON `users` (`email`)
  [1m[36mSQL (0.4ms)[0m  [1mSHOW KEYS FROM `users`[0m
  [1m[35mSQL (26.7ms)[0m  CREATE UNIQUE INDEX `index_users_on_reset_password_token` ON `users` (`reset_password_token`)
  [1m[36mSQL (0.4ms)[0m  [1mINSERT INTO `schema_migrations` (`version`) VALUES ('20110330194419')[0m
Migrating to CreateRoles (20110502191143)
  [1m[35mSQL (150.9ms)[0m  CREATE TABLE `roles` (`id` int(11) DEFAULT NULL auto_increment PRIMARY KEY, `name` varchar(255), `description` text, `created_at` datetime, `updated_at` datetime) ENGINE=InnoDB
  [1m[36mSQL (0.4ms)[0m  [1mINSERT INTO `schema_migrations` (`version`) VALUES ('20110502191143')[0m
Migrating to AddColumnsToUsers (20110502200119)
  [1m[35mSQL (49.9ms)[0m  ALTER TABLE `users` ADD `role_id` int(11) NOT NULL
  [1m[36mSQL (26.7ms)[0m  [1mALTER TABLE `users` ADD `full_name` varchar(255)[0m
  [1m[35mSQL (135.0ms)[0m  ALTER TABLE `users` ADD `street_address` varchar(255)
  [1m[36mSQL (19.8ms)[0m  [1mALTER TABLE `users` ADD `city` varchar(255)[0m
  [1m[35mSQL (26.3ms)[0m  ALTER TABLE `users` ADD `state` varchar(255)
  [1m[36mSQL (26.2ms)[0m  [1mALTER TABLE `users` ADD `country` varchar(255)[0m
  [1m[35mSQL (110.8ms)[0m  ALTER TABLE `users` ADD `zip` varchar(255)
  [1m[36mSQL (0.4ms)[0m  [1mINSERT INTO `schema_migrations` (`version`) VALUES ('20110502200119')[0m
  [1m[35mSQL (0.5ms)[0m  SHOW TABLES
  [1m[36mSQL (0.2ms)[0m  [1mSELECT `schema_migrations`.`version` FROM `schema_migrations`[0m
  [1m[35mSQL (0.2ms)[0m  SHOW TABLES
  [1m[36mSQL (0.8ms)[0m  [1mdescribe `roles`[0m
  [1m[35mSQL (0.2ms)[0m  SHOW KEYS FROM `roles`
  [1m[36mSQL (2.2ms)[0m  [1mdescribe `users`[0m
  [1m[35mSQL (0.6ms)[0m  SHOW KEYS FROM `users`
  [1m[36mSQL (0.5ms)[0m  [1mSHOW TABLES[0m
  [1m[35mSQL (0.3ms)[0m  SHOW TABLES
  [1m[36mSQL (0.3ms)[0m  [1mSELECT `schema_migrations`.`version` FROM `schema_migrations`[0m
  [1m[35mSQL (0.2ms)[0m  SELECT COUNT(*) FROM `roles`
  [1m[36mSQL (0.1ms)[0m  [1mBEGIN[0m
  [1m[35mSQL (0.8ms)[0m  describe `roles`
  [1m[36mAREL (0.3ms)[0m  [1mINSERT INTO `roles` (`name`, `description`, `created_at`, `updated_at`) VALUES ('admin', 'this is the role for BCM users', '2011-05-03 15:49:17', '2011-05-03 15:49:17')[0m
  [1m[35mSQL (0.3ms)[0m  COMMIT
  [1m[36mSQL (0.1ms)[0m  [1mBEGIN[0m
  [1m[35mAREL (0.1ms)[0m  INSERT INTO `roles` (`name`, `description`, `created_at`, `updated_at`) VALUES ('consumer', 'this is the role for consumer users', '2011-05-03 15:49:17', '2011-05-03 15:49:17')
  [1m[36mSQL (0.2ms)[0m  [1mCOMMIT[0m
  [1m[35mUser Load (0.2ms)[0m  SELECT `users`.`id` FROM `users` WHERE (email = 'admin@stash.org') LIMIT 1
WARNING: Can't mass-assign protected attributes: full_name
  [1m[36mRole Load (0.4ms)[0m  [1mSELECT `roles`.* FROM `roles` WHERE `roles`.`name` = 'admin' LIMIT 1[0m
  [1m[35mSQL (0.1ms)[0m  BEGIN
  [1m[36mUser Load (0.3ms)[0m  [1mSELECT `users`.`id` FROM `users` WHERE (`users`.`email` = BINARY 'admin@stash.org') LIMIT 1[0m
  [1m[35mSQL (0.1ms)[0m  ROLLBACK
  [1m[36mRole Load (0.3ms)[0m  [1mSELECT `roles`.* FROM `roles`[0m
  [1m[35mUser Load (0.4ms)[0m  SELECT `users`.* FROM `users`
  [1m[36mSQL (0.4ms)[0m  [1mSHOW TABLES[0m
  [1m[35mSQL (0.2ms)[0m  SHOW TABLES
  [1m[36mSQL (0.2ms)[0m  [1mSELECT `schema_migrations`.`version` FROM `schema_migrations`[0m
  [1m[35mSQL (0.2ms)[0m  SELECT COUNT(*) FROM `roles`
  [1m[36mUser Load (0.2ms)[0m  [1mSELECT `users`.`id` FROM `users` WHERE (email = 'admin@stash.org') LIMIT 1[0m
WARNING: Can't mass-assign protected attributes: full_name
  [1m[35mRole Load (0.2ms)[0m  SELECT `roles`.* FROM `roles` WHERE `roles`.`name` = 'admin' LIMIT 1
  [1m[36mSQL (0.1ms)[0m  [1mBEGIN[0m
  [1m[35mUser Load (0.4ms)[0m  SELECT `users`.`id` FROM `users` WHERE (`users`.`email` = BINARY 'admin@stash.org') LIMIT 1
  [1m[36mSQL (0.1ms)[0m  [1mROLLBACK[0m
  [1m[36mUser Load (0.3ms)[0m  [1mSELECT `users`.* FROM `users`[0m
WARNING: Can't mass-assign protected attributes: full_name
  [1m[35mSQL (0.5ms)[0m  SHOW TABLES
  [1m[36mRole Load (0.3ms)[0m  [1mSELECT `roles`.* FROM `roles` WHERE `roles`.`name` = 'admin' LIMIT 1[0m
  [1m[35mSQL (0.2ms)[0m  BEGIN
  [1m[36mUser Load (0.3ms)[0m  [1mSELECT `users`.`id` FROM `users` WHERE (`users`.`email` = BINARY 'admin@stash.org') LIMIT 1[0m
  [1m[35mSQL (0.1ms)[0m  ROLLBACK
  [1m[36mSQL (0.2ms)[0m  [1mBEGIN[0m
  [1m[35mUser Load (0.4ms)[0m  SELECT `users`.`id` FROM `users` WHERE (`users`.`email` = BINARY 'admin@stash.org') LIMIT 1
  [1m[36mSQL (1.5ms)[0m  [1mdescribe `users`[0m
  [1m[35mAREL (0.2ms)[0m  INSERT INTO `users` (`email`, `encrypted_password`, `reset_password_token`, `remember_created_at`, `sign_in_count`, `current_sign_in_at`, `last_sign_in_at`, `current_sign_in_ip`, `last_sign_in_ip`, `created_at`, `updated_at`, `role_id`, `full_name`, `street_address`, `city`, `state`, `country`, `zip`) VALUES ('admin@stash.org', '$2a$10$uDTU8n70B4ZspsCSzUIqkOBsv/DXzwRKnJrzblGOZDFViEsFUpqJC', NULL, NULL, 0, NULL, NULL, NULL, NULL, '2011-05-03 15:53:52', '2011-05-03 15:53:52', 1, 'Stash Admin', NULL, NULL, NULL, NULL, NULL)
  [1m[36mSQL (0.2ms)[0m  [1mCOMMIT[0m
  [1m[35mUser Load (0.5ms)[0m  SELECT `users`.* FROM `users`
  [1m[36mSQL (0.4ms)[0m  [1mSHOW TABLES[0m
  [1m[35mSQL (0.2ms)[0m  SHOW TABLES
  [1m[36mSQL (0.2ms)[0m  [1mSELECT `schema_migrations`.`version` FROM `schema_migrations`[0m
  [1m[35mSQL (0.2ms)[0m  SELECT COUNT(*) FROM `roles`
  [1m[36mUser Load (0.2ms)[0m  [1mSELECT `users`.`id` FROM `users` WHERE (email = 'admin@stash.org') LIMIT 1[0m
  [1m[36mUser Load (0.5ms)[0m  [1mSELECT `users`.`id` FROM `users` WHERE (email = 'admin@stash.org') LIMIT 1[0m
  [1m[36mSQL (8.4ms)[0m  [1mSHOW TABLES[0m
  [1m[35mSQL (0.2ms)[0m  SHOW TABLES
  [1m[36mSQL (0.2ms)[0m  [1mSELECT `schema_migrations`.`version` FROM `schema_migrations`[0m
  [1m[35mSQL (0.7ms)[0m  DROP DATABASE IF EXISTS `stash_test`
  [1m[36mSQL (0.4ms)[0m  [1mCREATE DATABASE `stash_test` DEFAULT CHARACTER SET `utf8`[0m
  [1m[35mSQL (0.3ms)[0m  SHOW TABLES
  [1m[36mSQL (75.1ms)[0m  [1mCREATE TABLE `roles` (`id` int(11) DEFAULT NULL auto_increment PRIMARY KEY, `name` varchar(255), `description` text, `created_at` datetime, `updated_at` datetime) ENGINE=InnoDB[0m
  [1m[35mSQL (0.4ms)[0m  SHOW TABLES
  [1m[36mSQL (255.3ms)[0m  [1mCREATE TABLE `users` (`id` int(11) DEFAULT NULL auto_increment PRIMARY KEY, `email` varchar(255) DEFAULT '' NOT NULL, `encrypted_password` varchar(128) DEFAULT '' NOT NULL, `reset_password_token` varchar(255), `remember_created_at` datetime, `sign_in_count` int(11) DEFAULT 0, `current_sign_in_at` datetime, `last_sign_in_at` datetime, `current_sign_in_ip` varchar(255), `last_sign_in_ip` varchar(255), `created_at` datetime, `updated_at` datetime, `role_id` int(11) NOT NULL, `full_name` varchar(255), `street_address` varchar(255), `city` varchar(255), `state` varchar(255), `country` varchar(255), `zip` varchar(255)) ENGINE=InnoDB[0m
  [1m[35mSQL (0.4ms)[0m  SHOW KEYS FROM `users`
  [1m[36mSQL (35.5ms)[0m  [1mCREATE UNIQUE INDEX `index_users_on_email` ON `users` (`email`)[0m
  [1m[35mSQL (0.4ms)[0m  SHOW KEYS FROM `users`
  [1m[36mSQL (26.9ms)[0m  [1mCREATE UNIQUE INDEX `index_users_on_reset_password_token` ON `users` (`reset_password_token`)[0m
  [1m[35mSQL (0.4ms)[0m  SHOW TABLES
  [1m[36mSQL (140.2ms)[0m  [1mCREATE TABLE `schema_migrations` (`version` varchar(255) NOT NULL) ENGINE=InnoDB[0m
  [1m[35mSQL (0.3ms)[0m  SHOW KEYS FROM `schema_migrations`
  [1m[36mSQL (20.6ms)[0m  [1mCREATE UNIQUE INDEX `unique_schema_migrations` ON `schema_migrations` (`version`)[0m
  [1m[35mSQL (0.3ms)[0m  SHOW TABLES
  [1m[36mSQL (0.2ms)[0m  [1mSELECT version FROM `schema_migrations`[0m
  [1m[35mSQL (0.3ms)[0m  INSERT INTO `schema_migrations` (version) VALUES ('20110502200119')
  [1m[36mSQL (0.3ms)[0m  [1mINSERT INTO `schema_migrations` (version) VALUES ('20110330194419')[0m
  [1m[35mSQL (0.3ms)[0m  INSERT INTO `schema_migrations` (version) VALUES ('20110502191143')


Started GET "/" for 127.0.0.1 at 2011-05-03 13:07:49 -0400
  Processing by HomeController#index as HTML
Rendered text template (0.0ms)
Completed 200 OK in 18ms (Views: 17.6ms | ActiveRecord: 0.0ms)


Started GET "/" for 127.0.0.1 at 2011-05-03 13:07:49 -0400
  Processing by HomeController#index as HTML
Rendered text template (0.0ms)
Completed 200 OK in 2ms (Views: 1.3ms | ActiveRecord: 0.0ms)


Started GET "/login" for 127.0.0.1 at 2011-05-03 13:07:59 -0400
  Processing by Devise::SessionsController#new as HTML
Rendered devise/sessions/new.html.haml within layouts/application (18.3ms)
Completed 200 OK in 130ms (Views: 25.8ms | ActiveRecord: 0.0ms)


Started GET "/images/log_in.png" for 127.0.0.1 at 2011-05-03 13:08:00 -0400

ActionController::RoutingError (No route matches "/images/log_in.png"):
  

Rendered /Users/lrains/.rvm/gems/ruby-1.9.2-head@stash/gems/actionpack-3.0.5/lib/action_dispatch/middleware/templates/rescues/routing_error.erb within rescues/layout (1.3ms)


Started GET "/images/log_in.png" for 127.0.0.1 at 2011-05-03 13:08:00 -0400

ActionController::RoutingError (No route matches "/images/log_in.png"):
  

Rendered /Users/lrains/.rvm/gems/ruby-1.9.2-head@stash/gems/actionpack-3.0.5/lib/action_dispatch/middleware/templates/rescues/routing_error.erb within rescues/layout (1.2ms)


Started GET "/signup" for 127.0.0.1 at 2011-05-03 13:08:13 -0400
  Processing by Devise::RegistrationsController#new as HTML
Rendered devise/registrations/_form.html.haml (16.8ms)
Rendered devise/registrations/new.html.haml within layouts/application (44.2ms)
Completed 200 OK in 73ms (Views: 51.6ms | ActiveRecord: 0.0ms)


Started GET "/images/email_signup_conf_btn.jpg" for 127.0.0.1 at 2011-05-03 13:08:14 -0400

ActionController::RoutingError (No route matches "/images/email_signup_conf_btn.jpg"):
  

Rendered /Users/lrains/.rvm/gems/ruby-1.9.2-head@stash/gems/actionpack-3.0.5/lib/action_dispatch/middleware/templates/rescues/routing_error.erb within rescues/layout (1.3ms)


Started GET "/images/email_signup_conf_btn.jpg" for 127.0.0.1 at 2011-05-03 13:08:14 -0400

ActionController::RoutingError (No route matches "/images/email_signup_conf_btn.jpg"):
  

Rendered /Users/lrains/.rvm/gems/ruby-1.9.2-head@stash/gems/actionpack-3.0.5/lib/action_dispatch/middleware/templates/rescues/routing_error.erb within rescues/layout (1.2ms)


Started POST "/users" for 127.0.0.1 at 2011-05-03 13:08:43 -0400
  Processing by Devise::RegistrationsController#create as HTML
  Parameters: {"utf8"=>"âœ“", "authenticity_token"=>"6jyvQeH35ZIR0QBJT3dS4GCVO+u/nSccFcmucCfnIIE=", "user"=>{"full_name"=>"Merna Kunz", "email"=>"merna.kunz@stash.org", "zip"=>"84109", "password"=>"[FILTERED]", "password_confirmation"=>"[FILTERED]"}, "x"=>"0", "y"=>"0"}
WARNING: Can't mass-assign protected attributes: full_name
  [1m[36mSQL (0.2ms)[0m  [1mBEGIN[0m
  [1m[35mSQL (9.4ms)[0m  SHOW TABLES
  [1m[36mRole Load (0.4ms)[0m  [1mSELECT `roles`.* FROM `roles` WHERE `roles`.`name` = 'cousin' LIMIT 1[0m
  [1m[35mUser Load (0.3ms)[0m  SELECT `users`.`id` FROM `users` WHERE (`users`.`email` = BINARY 'merna.kunz@stash.org') LIMIT 1
  [1m[36mSQL (0.2ms)[0m  [1mROLLBACK[0m
Rendered devise/registrations/_form.html.haml (15.2ms)
Rendered devise/registrations/new.html.haml within layouts/application (32.3ms)
Completed 200 OK in 361ms (Views: 39.2ms | ActiveRecord: 10.4ms)


Started GET "/images/email_signup_conf_btn.jpg" for 127.0.0.1 at 2011-05-03 13:08:44 -0400

ActionController::RoutingError (No route matches "/images/email_signup_conf_btn.jpg"):
  

Rendered /Users/lrains/.rvm/gems/ruby-1.9.2-head@stash/gems/actionpack-3.0.5/lib/action_dispatch/middleware/templates/rescues/routing_error.erb within rescues/layout (1.3ms)


Started GET "/images/email_signup_conf_btn.jpg" for 127.0.0.1 at 2011-05-03 13:08:44 -0400

ActionController::RoutingError (No route matches "/images/email_signup_conf_btn.jpg"):
  

Rendered /Users/lrains/.rvm/gems/ruby-1.9.2-head@stash/gems/actionpack-3.0.5/lib/action_dispatch/middleware/templates/rescues/routing_error.erb within rescues/layout (1.2ms)


Started POST "/users" for 127.0.0.1 at 2011-05-03 13:08:56 -0400
  Processing by Devise::RegistrationsController#create as HTML
  Parameters: {"utf8"=>"âœ“", "authenticity_token"=>"6jyvQeH35ZIR0QBJT3dS4GCVO+u/nSccFcmucCfnIIE=", "user"=>{"full_name"=>"Merna Kunz", "email"=>"merna.kunz@stash.org", "zip"=>"84109", "password"=>"[FILTERED]", "password_confirmation"=>"[FILTERED]"}, "x"=>"0", "y"=>"0"}
WARNING: Can't mass-assign protected attributes: full_name
  [1m[35mSQL (0.2ms)[0m  BEGIN
  [1m[36mRole Load (0.3ms)[0m  [1mSELECT `roles`.* FROM `roles` WHERE `roles`.`name` = 'cousin' LIMIT 1[0m
  [1m[35mUser Load (0.2ms)[0m  SELECT `users`.`id` FROM `users` WHERE (`users`.`email` = BINARY 'merna.kunz@stash.org') LIMIT 1
  [1m[36mSQL (0.2ms)[0m  [1mROLLBACK[0m
Rendered devise/registrations/_form.html.haml (16.7ms)
Rendered devise/registrations/new.html.haml within layouts/application (106.1ms)
Completed 200 OK in 184ms (Views: 113.2ms | ActiveRecord: 1.0ms)


Started GET "/images/email_signup_conf_btn.jpg" for 127.0.0.1 at 2011-05-03 13:08:57 -0400

ActionController::RoutingError (No route matches "/images/email_signup_conf_btn.jpg"):
  

Rendered /Users/lrains/.rvm/gems/ruby-1.9.2-head@stash/gems/actionpack-3.0.5/lib/action_dispatch/middleware/templates/rescues/routing_error.erb within rescues/layout (1.3ms)


Started GET "/images/email_signup_conf_btn.jpg" for 127.0.0.1 at 2011-05-03 13:08:57 -0400

ActionController::RoutingError (No route matches "/images/email_signup_conf_btn.jpg"):
  

Rendered /Users/lrains/.rvm/gems/ruby-1.9.2-head@stash/gems/actionpack-3.0.5/lib/action_dispatch/middleware/templates/rescues/routing_error.erb within rescues/layout (1.3ms)


Started GET "/login" for 127.0.0.1 at 2011-05-03 13:09:16 -0400
  Processing by Devise::SessionsController#new as HTML
Rendered devise/sessions/new.html.haml within layouts/application (19.1ms)
Completed 200 OK in 131ms (Views: 26.6ms | ActiveRecord: 0.0ms)


Started GET "/images/log_in.png" for 127.0.0.1 at 2011-05-03 13:09:17 -0400

ActionController::RoutingError (No route matches "/images/log_in.png"):
  

Rendered /Users/lrains/.rvm/gems/ruby-1.9.2-head@stash/gems/actionpack-3.0.5/lib/action_dispatch/middleware/templates/rescues/routing_error.erb within rescues/layout (1.2ms)


Started GET "/images/log_in.png" for 127.0.0.1 at 2011-05-03 13:09:17 -0400

ActionController::RoutingError (No route matches "/images/log_in.png"):
  

Rendered /Users/lrains/.rvm/gems/ruby-1.9.2-head@stash/gems/actionpack-3.0.5/lib/action_dispatch/middleware/templates/rescues/routing_error.erb within rescues/layout (1.3ms)


Started POST "/login" for 127.0.0.1 at 2011-05-03 13:09:25 -0400
  Processing by Devise::SessionsController#create as HTML
  Parameters: {"utf8"=>"âœ“", "authenticity_token"=>"6jyvQeH35ZIR0QBJT3dS4GCVO+u/nSccFcmucCfnIIE=", "user"=>{"email"=>"admin@stash.org", "password"=>"[FILTERED]", "remember_me"=>"0"}, "x"=>"0", "y"=>"0"}
  [1m[35mUser Load (0.3ms)[0m  SELECT `users`.* FROM `users` WHERE `users`.`email` = 'admin@stash.org' LIMIT 1
Completed   in 123ms
  Processing by Devise::SessionsController#new as HTML
  Parameters: {"utf8"=>"âœ“", "authenticity_token"=>"6jyvQeH35ZIR0QBJT3dS4GCVO+u/nSccFcmucCfnIIE=", "user"=>{"email"=>"admin@stash.org", "password"=>"[FILTERED]", "remember_me"=>"0"}, "x"=>"0", "y"=>"0"}
Rendered devise/sessions/new.html.haml within layouts/application (19.6ms)
Completed 200 OK in 110ms (Views: 26.6ms | ActiveRecord: 0.3ms)


Started GET "/images/log_in.png" for 127.0.0.1 at 2011-05-03 13:09:25 -0400

ActionController::RoutingError (No route matches "/images/log_in.png"):
  

Rendered /Users/lrains/.rvm/gems/ruby-1.9.2-head@stash/gems/actionpack-3.0.5/lib/action_dispatch/middleware/templates/rescues/routing_error.erb within rescues/layout (1.3ms)


Started GET "/images/log_in.png" for 127.0.0.1 at 2011-05-03 13:09:26 -0400

ActionController::RoutingError (No route matches "/images/log_in.png"):
  

Rendered /Users/lrains/.rvm/gems/ruby-1.9.2-head@stash/gems/actionpack-3.0.5/lib/action_dispatch/middleware/templates/rescues/routing_error.erb within rescues/layout (1.2ms)


Started POST "/login" for 127.0.0.1 at 2011-05-03 13:09:40 -0400
  Processing by Devise::SessionsController#create as HTML
  Parameters: {"utf8"=>"âœ“", "authenticity_token"=>"6jyvQeH35ZIR0QBJT3dS4GCVO+u/nSccFcmucCfnIIE=", "user"=>{"email"=>"admin@stash.org", "password"=>"[FILTERED]", "remember_me"=>"0"}, "x"=>"0", "y"=>"0"}
  [1m[36mUser Load (0.4ms)[0m  [1mSELECT `users`.* FROM `users` WHERE `users`.`email` = 'admin@stash.org' LIMIT 1[0m
  [1m[35mSQL (0.2ms)[0m  BEGIN
  [1m[36mAREL (0.5ms)[0m  [1mUPDATE `users` SET `last_sign_in_at` = '2011-05-03 17:09:41', `current_sign_in_at` = '2011-05-03 17:09:41', `last_sign_in_ip` = '127.0.0.1', `current_sign_in_ip` = '127.0.0.1', `sign_in_count` = 1, `updated_at` = '2011-05-03 17:09:41' WHERE `users`.`id` = 1[0m
  [1m[35mSQL (0.4ms)[0m  COMMIT
Redirected to http://localhost:3001/
Completed 302 Found in 148ms


Started GET "/" for 127.0.0.1 at 2011-05-03 13:09:41 -0400
  Processing by HomeController#index as HTML
Rendered text template (0.0ms)
Completed 200 OK in 2ms (Views: 1.1ms | ActiveRecord: 0.0ms)


Started GET "/" for 127.0.0.1 at 2011-05-03 13:09:41 -0400
  Processing by HomeController#index as HTML
Rendered text template (0.0ms)
Completed 200 OK in 2ms (Views: 1.1ms | ActiveRecord: 0.0ms)


Started GET "/edit" for 127.0.0.1 at 2011-05-03 13:10:48 -0400

ActionController::RoutingError (No route matches "/edit"):
  

Rendered /Users/lrains/.rvm/gems/ruby-1.9.2-head@stash/gems/actionpack-3.0.5/lib/action_dispatch/middleware/templates/rescues/routing_error.erb within rescues/layout (1.3ms)


Started GET "/users/edit" for 127.0.0.1 at 2011-05-03 13:11:05 -0400
  Processing by UsersController#edit as HTML
Completed   in 99ms

NameError (undefined local variable or method `login_required' for #<UsersController:0x00000104482e98>):
  

Rendered /Users/lrains/.rvm/gems/ruby-1.9.2-head@stash/gems/actionpack-3.0.5/lib/action_dispatch/middleware/templates/rescues/_trace.erb (1.5ms)
Rendered /Users/lrains/.rvm/gems/ruby-1.9.2-head@stash/gems/actionpack-3.0.5/lib/action_dispatch/middleware/templates/rescues/_request_and_response.erb (132.3ms)
Rendered /Users/lrains/.rvm/gems/ruby-1.9.2-head@stash/gems/actionpack-3.0.5/lib/action_dispatch/middleware/templates/rescues/diagnostics.erb within rescues/layout (140.1ms)


Started GET "/users/edit" for 127.0.0.1 at 2011-05-03 13:12:34 -0400
  Processing by UsersController#edit as HTML
  [1m[36mUser Load (0.3ms)[0m  [1mSELECT `users`.* FROM `users` WHERE `users`.`id` = 1 LIMIT 1[0m
Rendered users/edit.html.haml within layouts/application (3.8ms)
Completed   in 121ms

ActionView::Template::Error (Inconsistent indentation: 3 spaces were used for indentation, but the rest of the document was indented using 2 spaces.):
    23:     = form.text_field :city, :class => "txt"
    24:   %p
    25:     %label.desc{:for => "state"} State
    26:    = form.input :state, :label => "State", :collection => us_states, :include_blank => true, :error => false
    27:   %p
    28:     %label.desc{:for => "postal_code"} Zip Code
    29:     = form.text_field :postal_code, :class => "txt"
  app/views/users/edit.html.haml:26

Rendered /Users/lrains/.rvm/gems/ruby-1.9.2-head@stash/gems/actionpack-3.0.5/lib/action_dispatch/middleware/templates/rescues/_trace.erb (1.7ms)
Rendered /Users/lrains/.rvm/gems/ruby-1.9.2-head@stash/gems/actionpack-3.0.5/lib/action_dispatch/middleware/templates/rescues/_request_and_response.erb (140.0ms)
Rendered /Users/lrains/.rvm/gems/ruby-1.9.2-head@stash/gems/actionpack-3.0.5/lib/action_dispatch/middleware/templates/rescues/template_error.erb within rescues/layout (147.6ms)


Started GET "/users/edit" for 127.0.0.1 at 2011-05-03 13:13:01 -0400
  Processing by UsersController#edit as HTML
  [1m[35mUser Load (0.3ms)[0m  SELECT `users`.* FROM `users` WHERE `users`.`id` = 1 LIMIT 1
Rendered users/edit.html.haml within layouts/application (318.4ms)
Completed   in 364ms

ActionView::Template::Error (undefined method `input' for #<ActionView::Helpers::FormBuilder:0x00000100e6a3b0>):
    6: - form_for :user, :url => {:action => :update} do |form|
    7:   = form.hidden_field :id
    8:   %p
    9:     = form.input :first_name, :label => "First Name", :input_html => {:size => 40 }, :error => false
    10:   %p
    11:     = form.input :last_name, :label => "Last Name", :input_html => {:size => 40 }, :error => false
    12:   %p
  app/views/users/edit.html.haml:9:in `block in _app_views_users_edit_html_haml___1778527280440739822_2183713800__3554325173066962207'
  app/views/users/edit.html.haml:6:in `_app_views_users_edit_html_haml___1778527280440739822_2183713800__3554325173066962207'

Rendered /Users/lrains/.rvm/gems/ruby-1.9.2-head@stash/gems/actionpack-3.0.5/lib/action_dispatch/middleware/templates/rescues/_trace.erb (1.8ms)
Rendered /Users/lrains/.rvm/gems/ruby-1.9.2-head@stash/gems/actionpack-3.0.5/lib/action_dispatch/middleware/templates/rescues/_request_and_response.erb (135.8ms)
Rendered /Users/lrains/.rvm/gems/ruby-1.9.2-head@stash/gems/actionpack-3.0.5/lib/action_dispatch/middleware/templates/rescues/template_error.erb within rescues/layout (143.7ms)


Started GET "/users/edit" for 127.0.0.1 at 2011-05-03 13:23:09 -0400
  Processing by UsersController#edit as HTML
  [1m[36mUser Load (0.4ms)[0m  [1mSELECT `users`.* FROM `users` WHERE `users`.`id` = 1 LIMIT 1[0m
Rendered users/edit.html.haml within layouts/application (515.5ms)
Completed   in 631ms

ActionView::Template::Error (undefined method `user_path' for #<#<Class:0x000001042c06c8>:0x000001042e09f0>):
    2:   #heading
    3:     %h1= 'Edit Profile'
    4: 
    5:   =simple_form_for @user do |f|
    6:     - if @user.errors.any?
    7:       #errorExplanation
    8:         %h3= "#{pluralize(@user.errors.count, 'error')} prohibited this user from being processed:"
  app/views/users/edit.html.haml:5:in `_app_views_users_edit_html_haml___1778527280440739822_2182586180__3554325173066962207'

Rendered /Users/lrains/.rvm/gems/ruby-1.9.2-head@stash/gems/actionpack-3.0.5/lib/action_dispatch/middleware/templates/rescues/_trace.erb (1.7ms)
Rendered /Users/lrains/.rvm/gems/ruby-1.9.2-head@stash/gems/actionpack-3.0.5/lib/action_dispatch/middleware/templates/rescues/_request_and_response.erb (134.5ms)
Rendered /Users/lrains/.rvm/gems/ruby-1.9.2-head@stash/gems/actionpack-3.0.5/lib/action_dispatch/middleware/templates/rescues/template_error.erb within rescues/layout (142.7ms)


Started GET "/users/1/edit" for 127.0.0.1 at 2011-05-03 13:24:56 -0400

ActionController::RoutingError (No route matches "/users/1/edit"):
  

Rendered /Users/lrains/.rvm/gems/ruby-1.9.2-head@stash/gems/actionpack-3.0.5/lib/action_dispatch/middleware/templates/rescues/routing_error.erb within rescues/layout (1.4ms)


Started GET "/users/1" for 127.0.0.1 at 2011-05-03 13:25:09 -0400

ActionController::RoutingError (No route matches "/users/1"):
  

Rendered /Users/lrains/.rvm/gems/ruby-1.9.2-head@stash/gems/actionpack-3.0.5/lib/action_dispatch/middleware/templates/rescues/routing_error.erb within rescues/layout (1.2ms)


Started GET "/users/" for 127.0.0.1 at 2011-05-03 13:25:35 -0400

ActionController::RoutingError (No route matches "/users"):
  

Rendered /Users/lrains/.rvm/gems/ruby-1.9.2-head@stash/gems/actionpack-3.0.5/lib/action_dispatch/middleware/templates/rescues/routing_error.erb within rescues/layout (1.3ms)


Started GET "/users/edit" for 127.0.0.1 at 2011-05-03 13:25:48 -0400
  Processing by UsersController#edit as HTML
  [1m[35mUser Load (0.4ms)[0m  SELECT `users`.* FROM `users` WHERE `users`.`id` = 1 LIMIT 1
Rendered users/edit.html.haml within layouts/application (250.7ms)
Completed   in 375ms

ActionView::Template::Error (undefined method `user_path' for #<#<Class:0x00000100de62b8>:0x00000100deaf48>):
    2:   #heading
    3:     %h1= 'Edit Profile'
    4: 
    5:   =simple_form_for @user do |f|
    6:     - if @user.errors.any?
    7:       #errorExplanation
    8:         %h3= "#{pluralize(@user.errors.count, 'error')} prohibited this user from being processed:"
  app/views/users/edit.html.haml:5:in `_app_views_users_edit_html_haml___1778527280440739822_2154787820__3554325173066962207'

Rendered /Users/lrains/.rvm/gems/ruby-1.9.2-head@stash/gems/actionpack-3.0.5/lib/action_dispatch/middleware/templates/rescues/_trace.erb (1.7ms)
Rendered /Users/lrains/.rvm/gems/ruby-1.9.2-head@stash/gems/actionpack-3.0.5/lib/action_dispatch/middleware/templates/rescues/_request_and_response.erb (142.6ms)
Rendered /Users/lrains/.rvm/gems/ruby-1.9.2-head@stash/gems/actionpack-3.0.5/lib/action_dispatch/middleware/templates/rescues/template_error.erb within rescues/layout (218.5ms)


Started GET "/user/edit" for 127.0.0.1 at 2011-05-03 13:27:31 -0400

ActionController::RoutingError (uninitialized constant UserController):
  

Rendered /Users/lrains/.rvm/gems/ruby-1.9.2-head@stash/gems/actionpack-3.0.5/lib/action_dispatch/middleware/templates/rescues/routing_error.erb within rescues/layout (1.2ms)


Started GET "/users/edit" for 127.0.0.1 at 2011-05-03 13:28:30 -0400
  Processing by UsersController#edit as HTML
  [1m[36mUser Load (0.3ms)[0m  [1mSELECT `users`.* FROM `users` WHERE `users`.`id` = 1 LIMIT 1[0m
Rendered users/edit.html.haml within layouts/application (234.2ms)
Completed   in 342ms

ActionView::Template::Error (undefined method `user_path' for #<#<Class:0x00000100be2d40>:0x00000100bf6688>):
    2:   #heading
    3:     %h1= 'Edit Profile'
    4: 
    5:   =simple_form_for @user do |f|
    6:     - if @user.errors.any?
    7:       #errorExplanation
    8:         %h3= "#{pluralize(@user.errors.count, 'error')} prohibited this user from being processed:"
  app/views/users/edit.html.haml:5:in `_app_views_users_edit_html_haml___1778527280440739822_2153960680__3554325173066962207'

Rendered /Users/lrains/.rvm/gems/ruby-1.9.2-head@stash/gems/actionpack-3.0.5/lib/action_dispatch/middleware/templates/rescues/_trace.erb (1.7ms)
Rendered /Users/lrains/.rvm/gems/ruby-1.9.2-head@stash/gems/actionpack-3.0.5/lib/action_dispatch/middleware/templates/rescues/_request_and_response.erb (132.1ms)
Rendered /Users/lrains/.rvm/gems/ruby-1.9.2-head@stash/gems/actionpack-3.0.5/lib/action_dispatch/middleware/templates/rescues/template_error.erb within rescues/layout (140.4ms)


Started GET "/users/edit" for 127.0.0.1 at 2011-05-03 13:30:49 -0400
  Processing by Devise::RegistrationsController#edit as HTML
  [1m[35mUser Load (0.5ms)[0m  SELECT `users`.* FROM `users` WHERE `users`.`id` = 1 LIMIT 1
  [1m[36mCACHE (0.0ms)[0m  [1mSELECT `users`.* FROM `users` WHERE `users`.`id` = 1 LIMIT 1[0m
Rendered devise/registrations/edit.html.haml within layouts/application (122.7ms)
Completed 200 OK in 156ms (Views: 130.7ms | ActiveRecord: 0.5ms)


Started POST "/users" for 127.0.0.1 at 2011-05-03 13:31:16 -0400
  Processing by Devise::RegistrationsController#update as HTML
  Parameters: {"utf8"=>"âœ“", "authenticity_token"=>"6jyvQeH35ZIR0QBJT3dS4GCVO+u/nSccFcmucCfnIIE=", "user"=>{"full_name"=>"Stash Admin", "email"=>"admin@stash.org", "zip"=>"01821", "password"=>"[FILTERED]", "password_confirmation"=>"[FILTERED]", "current_password"=>"[FILTERED]"}, "commit"=>"Update User"}
  [1m[35mUser Load (0.4ms)[0m  SELECT `users`.* FROM `users` WHERE `users`.`id` = 1 LIMIT 1
  [1m[36mCACHE (0.0ms)[0m  [1mSELECT `users`.* FROM `users` WHERE `users`.`id` = 1 LIMIT 1[0m
WARNING: Can't mass-assign protected attributes: full_name
Rendered devise/registrations/edit.html.haml within layouts/application (115.8ms)
Completed 200 OK in 250ms (Views: 122.8ms | ActiveRecord: 0.4ms)


Started POST "/users" for 127.0.0.1 at 2011-05-03 13:31:33 -0400
  Processing by Devise::RegistrationsController#update as HTML
  Parameters: {"utf8"=>"âœ“", "authenticity_token"=>"6jyvQeH35ZIR0QBJT3dS4GCVO+u/nSccFcmucCfnIIE=", "user"=>{"full_name"=>"Stash Admin", "email"=>"admin@stash.org", "zip"=>"01821", "password"=>"[FILTERED]", "password_confirmation"=>"[FILTERED]", "current_password"=>"[FILTERED]"}, "commit"=>"Update User"}
  [1m[35mUser Load (0.3ms)[0m  SELECT `users`.* FROM `users` WHERE `users`.`id` = 1 LIMIT 1
  [1m[36mCACHE (0.0ms)[0m  [1mSELECT `users`.* FROM `users` WHERE `users`.`id` = 1 LIMIT 1[0m
  [1m[35mSQL (0.2ms)[0m  BEGIN
WARNING: Can't mass-assign protected attributes: full_name
  [1m[36mRole Load (0.2ms)[0m  [1mSELECT `roles`.* FROM `roles` WHERE `roles`.`id` = 1 LIMIT 1[0m
  [1m[35mUser Load (0.4ms)[0m  SELECT `users`.`id` FROM `users` WHERE (`users`.`email` = BINARY 'admin@stash.org') AND (`users`.id <> 1) LIMIT 1
  [1m[36mAREL (0.3ms)[0m  [1mUPDATE `users` SET `zip` = '01821', `updated_at` = '2011-05-03 17:31:34' WHERE `users`.`id` = 1[0m
  [1m[35mSQL (0.3ms)[0m  COMMIT
Redirected to http://localhost:3001/
Completed 302 Found in 235ms


Started GET "/" for 127.0.0.1 at 2011-05-03 13:31:34 -0400
  Processing by HomeController#index as HTML
Rendered text template (0.0ms)
Completed 200 OK in 2ms (Views: 1.2ms | ActiveRecord: 0.0ms)
